<?xml version="1.0" encoding="UTF-8"?>
<testsuite xmlns:xsi="http://www.w3.org/2001/XMLSchema-instance" xsi:noNamespaceSchemaLocation="https://maven.apache.org/surefire/maven-surefire-plugin/xsd/surefire-test-report-3.0.xsd" version="3.0" name="com.techleadguru.phase3.day54.Day54RateLimitingTest" time="0.832" tests="6" errors="0" skipped="0" failures="0">
  <properties>
[...]
</properties>
  <testcase name="each_client_has_independent_rate_limit_bucket" classname="com.techleadguru.phase3.day54.Day54RateLimitingTest" time="0.035">
    <system-out><![CDATA[
  .   ____          _            __ _ _
 /\\ / ___'_ __ _ _(_)_ __  __ _ \ \ \ \
( ( )\___ | '_ | '_| | '_ \/ _` | \ \ \ \
 \\/  ___)| |_)| | | | | || (_| |  ) ) ) )
  '  |____| .__|_| |_|_| |_\__, | / / / /
 =========|_|==============|___/=/_/_/_/

 :: Spring Boot ::                (v3.4.4)

2026-04-05T11:30:56.162+05:30  INFO 322989 --- [           main] c.t.phase3.day54.Day54RateLimitingTest   : Starting Day54RateLimitingTest using Java 21.0.10 with PID 322989 (started by ilabs-laph893 in /home/ilabs-laph893/Documents/personal/sprigboot/phase3-web)
2026-04-05T11:30:56.162+05:30  INFO 322989 --- [           main] c.t.phase3.day54.Day54RateLimitingTest   : No active profile set, falling back to 1 default profile: "default"
2026-04-05T11:30:56.809+05:30  INFO 322989 --- [           main] o.s.b.t.m.w.SpringBootMockServletContext : Initializing Spring TestDispatcherServlet ''
2026-04-05T11:30:56.809+05:30  INFO 322989 --- [           main] o.s.t.web.servlet.TestDispatcherServlet  : Initializing Servlet ''
2026-04-05T11:30:56.814+05:30  INFO 322989 --- [           main] o.s.b.a.e.web.EndpointLinksResolver      : Exposing 1 endpoint beneath base path '/actuator'
2026-04-05T11:30:56.819+05:30  INFO 322989 --- [           main] o.s.t.web.servlet.TestDispatcherServlet  : Completed initialization in 10 ms
2026-04-05T11:30:56.842+05:30  INFO 322989 --- [           main] c.t.phase3.day54.Day54RateLimitingTest   : Started Day54RateLimitingTest in 0.719 seconds (process running for 5.716)
2026-04-05T11:30:56.872+05:30  WARN 322989 --- [           main] p.d.Day54RateLimiting$RateLimitingFilter : [Day54] Rate limit exceeded for client: client-A-58524524504062
[DAY 54] Client B unaffected by Client A exhausting its bucket
]]></system-out>
  </testcase>
  <testcase name="document_token_bucket_algorithm" classname="com.techleadguru.phase3.day54.Day54RateLimitingTest" time="0.008">
    <system-out><![CDATA[[DAY 54] TOKEN BUCKET RATE LIMITING:

  Bucket4j Greedy Refill:
    capacity = 3 tokens
    refill   = 100 tokens/minute = ~1.67 tokens/second

  Each request consumes 1 token.
  Tokens refill continuously (greedy) up to capacity.

  Response headers:
    X-Rate-Limit-Limit:     max capacity
    X-Rate-Limit-Remaining: tokens left after this request
    Retry-After: 60          (seconds until bucket refills)

  Client key = X-Forwarded-For header (or remote IP)
  → Per-client isolation via ConcurrentHashMap<clientKey, Bucket>
]]></system-out>
  </testcase>
  <testcase name="request_exceeding_limit_returns_429" classname="com.techleadguru.phase3.day54.Day54RateLimitingTest" time="0.016">
    <system-out><![CDATA[2026-04-05T11:30:56.899+05:30  WARN 322989 --- [           main] p.d.Day54RateLimiting$RateLimitingFilter : [Day54] Rate limit exceeded for client: client-exceed-58524567222807
[DAY 54] 4th request after exhausting capacity=3 → 429 Too Many Requests
]]></system-out>
  </testcase>
  <testcase name="allowed_requests_have_rate_limit_headers" classname="com.techleadguru.phase3.day54.Day54RateLimitingTest" time="0.007">
    <system-out><![CDATA[[DAY 54] X-Rate-Limit-Limit and X-Rate-Limit-Remaining headers present
]]></system-out>
  </testcase>
  <testcase name="requests_within_limit_return_200" classname="com.techleadguru.phase3.day54.Day54RateLimitingTest" time="0.012">
    <system-out><![CDATA[[DAY 54] 3 requests within capacity=3 limit → all 200 OK
]]></system-out>
  </testcase>
  <testcase name="rate_limited_response_has_retry_after_header" classname="com.techleadguru.phase3.day54.Day54RateLimitingTest" time="0.014">
    <system-out><![CDATA[2026-04-05T11:30:56.939+05:30  WARN 322989 --- [           main] p.d.Day54RateLimiting$RateLimitingFilter : [Day54] Rate limit exceeded for client: client-retry-58524606513370
[DAY 54] 429 response has Retry-After header (client knows when to retry)
]]></system-out>
  </testcase>
</testsuite>