<?xml version="1.0" encoding="UTF-8"?>
<testsuite xmlns:xsi="http://www.w3.org/2001/XMLSchema-instance" xsi:noNamespaceSchemaLocation="https://maven.apache.org/surefire/maven-surefire-plugin/xsd/surefire-test-report-3.0.xsd" version="3.0" name="com.techleadguru.phase3.day45.Day45MessageConverterTest" time="0.039" tests="5" errors="0" skipped="0" failures="0">
  <properties>
[...]
</properties>
  <testcase name="document_converter_selection_algorithm" classname="com.techleadguru.phase3.day45.Day45MessageConverterTest" time="0.004">
    <system-out><![CDATA[[DAY 45] HTTP MESSAGE CONVERTER SELECTION:

  On WRITE (response body):
    1. Get desired media types from Accept header
    2. For each converter: canWrite(returnType, mediaType)?
    3. Find best match (highest quality factor q=)
    4. If no match → 406 Not Acceptable

  On READ (request body):
    1. Get Content-Type from request header
    2. For each converter: canRead(paramType, contentType)?
    3. First matching converter wins
    4. If no match → 415 Unsupported Media Type

  REGISTRATION:
    extendMessageConverters()  → ADDS (keep Jackson)
    configureMessageConverters() → REPLACES (removes Jackson!)
]]></system-out>
  </testcase>
  <testcase name="unsupported_accept_returns_406" classname="com.techleadguru.phase3.day45.Day45MessageConverterTest" time="0.006">
    <system-out><![CDATA[2026-04-05T11:30:59.148+05:30  WARN 322989 --- [           main] .w.s.m.s.DefaultHandlerExceptionResolver : Resolved [org.springframework.web.HttpMediaTypeNotAcceptableException: No acceptable representation]
[DAY 45] Accept: text/html → No matching converter → 406 Not Acceptable
]]></system-out>
  </testcase>
  <testcase name="text_csv_accept_returns_csv_format" classname="com.techleadguru.phase3.day45.Day45MessageConverterTest" time="0.006">
    <system-out><![CDATA[[DAY 45] Accept: text/csv → CsvProductConverter → CSV output
[DAY 45] CSV:
id,name,price,category
P001,Laptop,1299.99,Electronics
P002,Mouse,29.99,Accessories
P003,Keyboard,79.99,Accessories

]]></system-out>
  </testcase>
  <testcase name="default_accept_returns_json" classname="com.techleadguru.phase3.day45.Day45MessageConverterTest" time="0.009">
    <system-out><![CDATA[[DAY 45] Accept: */* → MappingJackson2HttpMessageConverter → JSON
]]></system-out>
  </testcase>
  <testcase name="explicit_json_accept_returns_json" classname="com.techleadguru.phase3.day45.Day45MessageConverterTest" time="0.005">
    <system-out><![CDATA[[DAY 45] Explicit Accept: application/json → JSON converter selected
]]></system-out>
  </testcase>
</testsuite>