<?xml version="1.0" encoding="UTF-8"?>
<testsuite xmlns:xsi="http://www.w3.org/2001/XMLSchema-instance" xsi:noNamespaceSchemaLocation="https://maven.apache.org/surefire/maven-surefire-plugin/xsd/surefire-test-report-3.0.xsd" version="3.0" name="com.techleadguru.phase1.day08.Day08InjectionTest" time="1.384" tests="4" errors="0" skipped="0" failures="0">
  <properties>
[...]
</properties>
  <testcase name="constructor_injection_allows_unit_test_without_spring_context" classname="com.techleadguru.phase1.day08.Day08InjectionTest" time="0.009">
    <system-out><![CDATA[22:47:39.258 [main] INFO com.techleadguru.phase1.day08.Day08InjectionStyles$UserServiceWithConstructorInjection -- [DAY 8] Constructor injection: deps injected at construction time
[DAY 8 TEST] Unit test with constructor injection: PASSED without Spring
[DAY 8 TEST] Test took ~1ms vs ~90s for @SpringBootTest
]]></system-out>
  </testcase>
  <testcase name="constructor_injection_makes_dependencies_final_and_immutable" classname="com.techleadguru.phase1.day08.Day08InjectionTest" time="0.006">
    <system-out><![CDATA[[DAY 8 TEST] Final fields confirmed. Dependencies are immutable after construction.
]]></system-out>
  </testcase>
  <testcase name="constructor_injection_enables_interaction_verification_with_mockito" classname="com.techleadguru.phase1.day08.Day08InjectionTest" time="1.352">
    <system-out><![CDATA[22:47:40.607 [main] INFO com.techleadguru.phase1.day08.Day08InjectionStyles$UserServiceWithConstructorInjection -- [DAY 8] Constructor injection: deps injected at construction time
[DAY 8 TEST] Mockito interactions verified. No Spring needed.
]]></system-out>
    <system-err><![CDATA[Mockito is currently self-attaching to enable the inline-mock-maker. This will no longer work in future releases of the JDK. Please add Mockito as an agent to your build what is described in Mockito's documentation: https://javadoc.io/doc/org.mockito/mockito-core/latest/org/mockito/Mockito.html#0.3
WARNING: A Java agent has been loaded dynamically (/home/ilabs-laph893/.m2/repository/net/bytebuddy/byte-buddy-agent/1.15.11/byte-buddy-agent-1.15.11.jar)
WARNING: If a serviceability tool is in use, please run with -XX:+EnableDynamicAgentLoading to hide this warning
WARNING: If a serviceability tool is not in use, please run with -Djdk.instrument.traceUsage for more information
WARNING: Dynamic loading of agents will be disallowed by default in a future release
]]></system-err>
  </testcase>
  <testcase name="field_injection_fails_with_NPE_when_instantiated_without_spring" classname="com.techleadguru.phase1.day08.Day08InjectionTest" time="0.008">
    <system-out><![CDATA[[DAY 8 TEST] Field injection = NullPointerException without Spring context
[DAY 8 TEST] This is why field injection FORCES you to use @SpringBootTest
]]></system-out>
  </testcase>
</testsuite>