<?xml version="1.0" encoding="UTF-8"?>
<testsuite xmlns:xsi="http://www.w3.org/2001/XMLSchema-instance" xsi:noNamespaceSchemaLocation="https://maven.apache.org/surefire/maven-surefire-plugin/xsd/surefire-test-report-3.0.xsd" version="3.0" name="com.techleadguru.phase7.day142.Day142RefreshScopeTest" time="0.017" tests="7" errors="0" skipped="0" failures="0">
  <properties>
[...]
</properties>
  <testcase name="testSimulatorRefreshUpdatesValue" classname="com.techleadguru.phase7.day142.Day142RefreshScopeTest" time="0.001"/>
  <testcase name="testSimulatorRefreshNonExistentReturnsFalse" classname="com.techleadguru.phase7.day142.Day142RefreshScopeTest" time="0.001"/>
  <testcase name="testCommonPitfalls" classname="com.techleadguru.phase7.day142.Day142RefreshScopeTest" time="0.006"/>
  <testcase name="testRefreshableConfigHoldsValue" classname="com.techleadguru.phase7.day142.Day142RefreshScopeTest" time="0.001"/>
  <testcase name="testSimulatorRegisterAndGet" classname="com.techleadguru.phase7.day142.Day142RefreshScopeTest" time="0.001"/>
  <testcase name="testRefreshableConfigUpdatesOnRefresh" classname="com.techleadguru.phase7.day142.Day142RefreshScopeTest" time="0.002"/>
  <testcase name="testHowRefreshWorks" classname="com.techleadguru.phase7.day142.Day142RefreshScopeTest" time="0.001"/>
</testsuite>