<?xml version="1.0" encoding="UTF-8"?>
<testsuite xmlns:xsi="http://www.w3.org/2001/XMLSchema-instance" xsi:noNamespaceSchemaLocation="https://maven.apache.org/surefire/maven-surefire-plugin/xsd/surefire-test-report-3.0.xsd" version="3.0" name="com.techleadguru.phase2.day41.Day41SlowQueryDetectionTest" time="0.135" tests="4" errors="0" skipped="0" failures="0">
  <properties>
[...]
</properties>
  <testcase name="document_slow_query_detection_strategies" classname="com.techleadguru.phase2.day41.Day41SlowQueryDetectionTest" time="0.019">
    <system-out><![CDATA[2026-04-04T23:29:11.673+05:30 DEBUG 99102 --- [phase2-data] [           main] org.hibernate.SQL                        : select o1_0.id,o1_0.status,o1_0.total,o1_0.user_id,o1_0.version from orders o1_0
Hibernate: select o1_0.id,o1_0.status,o1_0.total,o1_0.user_id,o1_0.version from orders o1_0
2026-04-04T23:29:11.674+05:30  INFO 99102 --- [phase2-data] [           main] p6spy                                    : #1775325551674 | took 0ms | statement | connection 35| url jdbc:h2:mem:phase2db
select o1_0.id,o1_0.status,o1_0.total,o1_0.user_id,o1_0.version from orders o1_0
select o1_0.id,o1_0.status,o1_0.total,o1_0.user_id,o1_0.version from orders o1_0;
2026-04-04T23:29:11.675+05:30 DEBUG 99102 --- [phase2-data] [           main] o.h.stat.internal.StatisticsImpl         : HHH000117: HQL: [CRITERIA] select o1_0.id,o1_0.status,o1_0.total,o1_0.user_id,o1_0.version from orders o1_0, time: 0ms, rows: 1
2026-04-04T23:29:11.678+05:30 DEBUG 99102 --- [phase2-data] [           main] org.hibernate.SQL                        : select i1_0.order_id,i1_0.id,i1_0.price,i1_0.product,i1_0.quantity from order_items i1_0 where i1_0.order_id=?
Hibernate: select i1_0.order_id,i1_0.id,i1_0.price,i1_0.product,i1_0.quantity from order_items i1_0 where i1_0.order_id=?
2026-04-04T23:29:11.679+05:30  INFO 99102 --- [phase2-data] [           main] p6spy                                    : #1775325551679 | took 0ms | statement | connection 35| url jdbc:h2:mem:phase2db
select i1_0.order_id,i1_0.id,i1_0.price,i1_0.product,i1_0.quantity from order_items i1_0 where i1_0.order_id=?
select i1_0.order_id,i1_0.id,i1_0.price,i1_0.product,i1_0.quantity from order_items i1_0 where i1_0.order_id='83639517-72da-495c-b897-3557e60d7c93';
2026-04-04T23:29:11.680+05:30 DEBUG 99102 --- [phase2-data] [           main] org.hibernate.SQL                        : delete from orders where id=? and version=?
Hibernate: delete from orders where id=? and version=?
2026-04-04T23:29:11.681+05:30  INFO 99102 --- [phase2-data] [           main] p6spy                                    : #1775325551681 | took 0ms | statement | connection 35| url jdbc:h2:mem:phase2db
delete from orders where id=? and version=?
delete from orders where id='83639517-72da-495c-b897-3557e60d7c93' and version=0;
2026-04-04T23:29:11.681+05:30  INFO 99102 --- [phase2-data] [           main] p6spy                                    : #1775325551681 | took 0ms | commit | connection 35| url jdbc:h2:mem:phase2db

;
2026-04-04T23:29:11.682+05:30  INFO 99102 --- [phase2-data] [           main] i.StatisticalLoggingSessionEventListener : Session Metrics {
    272330 nanoseconds spent acquiring 1 JDBC connections;
    0 nanoseconds spent releasing 0 JDBC connections;
    151861 nanoseconds spent preparing 3 JDBC statements;
    1643044 nanoseconds spent executing 3 JDBC statements;
    0 nanoseconds spent executing 0 JDBC batches;
    0 nanoseconds spent performing 0 L2C puts;
    0 nanoseconds spent performing 0 L2C hits;
    0 nanoseconds spent performing 0 L2C misses;
    1638642 nanoseconds spent executing 1 flushes (flushing a total of 1 entities and 1 collections);
    9019 nanoseconds spent executing 1 pre-partial-flushes;
    8012 nanoseconds spent executing 1 partial-flushes (flushing a total of 0 entities and 0 collections)
}
2026-04-04T23:29:11.683+05:30  INFO 99102 --- [phase2-data] [           main] lowQueryDetection$QueryStatisticsService : [Day41] Hibernate statistics cleared
2026-04-04T23:29:11.683+05:30  INFO 99102 --- [phase2-data] [           main] lowQueryDetection$QueryStatisticsService : [Day41] Hibernate statistics enabled
[DAY 41] SLOW QUERY DETECTION STRATEGIES:

  1. HIBERNATE STATISTICS (app-level):
     spring.jpa.properties.hibernate.generate_statistics=true
     logging.level.org.hibernate.stat=DEBUG
     Shows: query count, max execution time, entity load counts.

  2. P6SPY (JDBC proxy):
     dependency: p6spy-spring-boot-starter
     spy.properties: filter.expression=executiontime>100
     Shows: each SQL statement with actual execution time.
     Use in: dev and staging. Overhead in production.

  3. DATABASE SLOW QUERY LOG:
     PostgreSQL: log_min_duration_statement = 500ms
     MySQL:      slow_query_log=ON; long_query_time=0.5
     Zero app overhead. Use in production.

  4. EXPLAIN ANALYZE:
     EXPLAIN ANALYZE SELECT * FROM orders WHERE user_id='xyz'
     Look for: Seq Scan on large table (missing index).
]]></system-out>
  </testcase>
  <testcase name="full_stats_after_operations" classname="com.techleadguru.phase2.day41.Day41SlowQueryDetectionTest" time="0.056">
    <system-out><![CDATA[2026-04-04T23:29:11.693+05:30 DEBUG 99102 --- [phase2-data] [           main] org.hibernate.SQL                        : select o1_0.id,o1_0.status,o1_0.total,o1_0.user_id,o1_0.version from orders o1_0
Hibernate: select o1_0.id,o1_0.status,o1_0.total,o1_0.user_id,o1_0.version from orders o1_0
2026-04-04T23:29:11.694+05:30  INFO 99102 --- [phase2-data] [           main] p6spy                                    : #1775325551694 | took 0ms | statement | connection 36| url jdbc:h2:mem:phase2db
select o1_0.id,o1_0.status,o1_0.total,o1_0.user_id,o1_0.version from orders o1_0
select o1_0.id,o1_0.status,o1_0.total,o1_0.user_id,o1_0.version from orders o1_0;
2026-04-04T23:29:11.694+05:30 DEBUG 99102 --- [phase2-data] [           main] o.h.stat.internal.StatisticsImpl         : HHH000117: HQL: [CRITERIA] select o1_0.id,o1_0.status,o1_0.total,o1_0.user_id,o1_0.version from orders o1_0, time: 0ms, rows: 0
2026-04-04T23:29:11.695+05:30  INFO 99102 --- [phase2-data] [           main] p6spy                                    : #1775325551695 | took 0ms | commit | connection 36| url jdbc:h2:mem:phase2db

;
2026-04-04T23:29:11.695+05:30  INFO 99102 --- [phase2-data] [           main] i.StatisticalLoggingSessionEventListener : Session Metrics {
    237190 nanoseconds spent acquiring 1 JDBC connections;
    0 nanoseconds spent releasing 0 JDBC connections;
    65276 nanoseconds spent preparing 1 JDBC statements;
    501797 nanoseconds spent executing 1 JDBC statements;
    0 nanoseconds spent executing 0 JDBC batches;
    0 nanoseconds spent performing 0 L2C puts;
    0 nanoseconds spent performing 0 L2C hits;
    0 nanoseconds spent performing 0 L2C misses;
    0 nanoseconds spent executing 0 flushes (flushing a total of 0 entities and 0 collections);
    7980 nanoseconds spent executing 1 pre-partial-flushes;
    6616 nanoseconds spent executing 1 partial-flushes (flushing a total of 0 entities and 0 collections)
}
2026-04-04T23:29:11.695+05:30  INFO 99102 --- [phase2-data] [           main] lowQueryDetection$QueryStatisticsService : [Day41] Hibernate statistics cleared
2026-04-04T23:29:11.695+05:30  INFO 99102 --- [phase2-data] [           main] lowQueryDetection$QueryStatisticsService : [Day41] Hibernate statistics enabled
2026-04-04T23:29:11.700+05:30  INFO 99102 --- [phase2-data] [           main] lowQueryDetection$QueryStatisticsService : [Day41] Created 5 test orders for userId=user-stats-2
2026-04-04T23:29:11.702+05:30 DEBUG 99102 --- [phase2-data] [           main] org.hibernate.SQL                        : insert into orders (status,total,user_id,version,id) values (?,?,?,?,?)
Hibernate: insert into orders (status,total,user_id,version,id) values (?,?,?,?,?)
2026-04-04T23:29:11.703+05:30  INFO 99102 --- [phase2-data] [           main] p6spy                                    : #1775325551703 | took 0ms | statement | connection 37| url jdbc:h2:mem:phase2db
insert into orders (status,total,user_id,version,id) values (?,?,?,?,?)
insert into orders (status,total,user_id,version,id) values ('PENDING',10.00,'user-stats-2',0,'3ce2049e-3604-4e33-98ef-c0d560d0369d');
2026-04-04T23:29:11.703+05:30 DEBUG 99102 --- [phase2-data] [           main] org.hibernate.SQL                        : insert into orders (status,total,user_id,version,id) values (?,?,?,?,?)
Hibernate: insert into orders (status,total,user_id,version,id) values (?,?,?,?,?)
2026-04-04T23:29:11.704+05:30  INFO 99102 --- [phase2-data] [           main] p6spy                                    : #1775325551704 | took 0ms | statement | connection 37| url jdbc:h2:mem:phase2db
insert into orders (status,total,user_id,version,id) values (?,?,?,?,?)
insert into orders (status,total,user_id,version,id) values ('PENDING',11.00,'user-stats-2',0,'f2fd759f-ac01-481f-a160-50cd51c2d9ba');
2026-04-04T23:29:11.705+05:30 DEBUG 99102 --- [phase2-data] [           main] org.hibernate.SQL                        : insert into orders (status,total,user_id,version,id) values (?,?,?,?,?)
Hibernate: insert into orders (status,total,user_id,version,id) values (?,?,?,?,?)
2026-04-04T23:29:11.706+05:30  INFO 99102 --- [phase2-data] [           main] p6spy                                    : #1775325551706 | took 0ms | statement | connection 37| url jdbc:h2:mem:phase2db
insert into orders (status,total,user_id,version,id) values (?,?,?,?,?)
insert into orders (status,total,user_id,version,id) values ('PENDING',12.00,'user-stats-2',0,'8fb1e2fd-9e92-4ad9-ae25-5374e1d56895');
2026-04-04T23:29:11.706+05:30 DEBUG 99102 --- [phase2-data] [           main] org.hibernate.SQL                        : insert into orders (status,total,user_id,version,id) values (?,?,?,?,?)
Hibernate: insert into orders (status,total,user_id,version,id) values (?,?,?,?,?)
2026-04-04T23:29:11.707+05:30  INFO 99102 --- [phase2-data] [           main] p6spy                                    : #1775325551707 | took 0ms | statement | connection 37| url jdbc:h2:mem:phase2db
insert into orders (status,total,user_id,version,id) values (?,?,?,?,?)
insert into orders (status,total,user_id,version,id) values ('PENDING',13.00,'user-stats-2',0,'dbfe89a2-4f4e-4dea-af7e-658a3b9ab366');
2026-04-04T23:29:11.708+05:30 DEBUG 99102 --- [phase2-data] [           main] org.hibernate.SQL                        : insert into orders (status,total,user_id,version,id) values (?,?,?,?,?)
Hibernate: insert into orders (status,total,user_id,version,id) values (?,?,?,?,?)
2026-04-04T23:29:11.709+05:30  INFO 99102 --- [phase2-data] [           main] p6spy                                    : #1775325551709 | took 0ms | statement | connection 37| url jdbc:h2:mem:phase2db
insert into orders (status,total,user_id,version,id) values (?,?,?,?,?)
insert into orders (status,total,user_id,version,id) values ('PENDING',14.00,'user-stats-2',0,'fc477327-fd43-420d-9d4f-7fc59e61f533');
2026-04-04T23:29:11.709+05:30  INFO 99102 --- [phase2-data] [           main] p6spy                                    : #1775325551709 | took 0ms | commit | connection 37| url jdbc:h2:mem:phase2db

;
2026-04-04T23:29:11.710+05:30  INFO 99102 --- [phase2-data] [           main] i.StatisticalLoggingSessionEventListener : Session Metrics {
    173572 nanoseconds spent acquiring 1 JDBC connections;
    0 nanoseconds spent releasing 0 JDBC connections;
    272615 nanoseconds spent preparing 5 JDBC statements;
    3528431 nanoseconds spent executing 5 JDBC statements;
    0 nanoseconds spent executing 0 JDBC batches;
    0 nanoseconds spent performing 0 L2C puts;
    0 nanoseconds spent performing 0 L2C hits;
    0 nanoseconds spent performing 0 L2C misses;
    8830940 nanoseconds spent executing 1 flushes (flushing a total of 5 entities and 5 collections);
    0 nanoseconds spent executing 0 pre-partial-flushes;
    0 nanoseconds spent executing 0 partial-flushes (flushing a total of 0 entities and 0 collections)
}
2026-04-04T23:29:11.733+05:30 DEBUG 99102 --- [phase2-data] [           main] org.hibernate.SQL                        : select o1_0.id,o1_0.status,o1_0.total,o1_0.user_id,o1_0.version from orders o1_0 where o1_0.user_id=?
Hibernate: select o1_0.id,o1_0.status,o1_0.total,o1_0.user_id,o1_0.version from orders o1_0 where o1_0.user_id=?
2026-04-04T23:29:11.735+05:30  INFO 99102 --- [phase2-data] [           main] p6spy                                    : #1775325551735 | took 0ms | statement | connection 38| url jdbc:h2:mem:phase2db
select o1_0.id,o1_0.status,o1_0.total,o1_0.user_id,o1_0.version from orders o1_0 where o1_0.user_id=?
select o1_0.id,o1_0.status,o1_0.total,o1_0.user_id,o1_0.version from orders o1_0 where o1_0.user_id='user-stats-2';
2026-04-04T23:29:11.739+05:30 DEBUG 99102 --- [phase2-data] [           main] o.h.stat.internal.StatisticsImpl         : HHH000117: HQL: [CRITERIA] select o1_0.id,o1_0.status,o1_0.total,o1_0.user_id,o1_0.version from orders o1_0 where o1_0.user_id=?, time: 3ms, rows: 5
2026-04-04T23:29:11.740+05:30  INFO 99102 --- [phase2-data] [           main] lowQueryDetection$QueryStatisticsService : [Day41] Query cost: queries=1, entities loaded=5, results=5
2026-04-04T23:29:11.741+05:30  INFO 99102 --- [phase2-data] [           main] p6spy                                    : #1775325551741 | took 0ms | commit | connection 38| url jdbc:h2:mem:phase2db

;
2026-04-04T23:29:11.742+05:30  INFO 99102 --- [phase2-data] [           main] i.StatisticalLoggingSessionEventListener : Session Metrics {
    199506 nanoseconds spent acquiring 1 JDBC connections;
    0 nanoseconds spent releasing 0 JDBC connections;
    453457 nanoseconds spent preparing 1 JDBC statements;
    783756 nanoseconds spent executing 1 JDBC statements;
    0 nanoseconds spent executing 0 JDBC batches;
    0 nanoseconds spent performing 0 L2C puts;
    0 nanoseconds spent performing 0 L2C hits;
    0 nanoseconds spent performing 0 L2C misses;
    800215 nanoseconds spent executing 1 flushes (flushing a total of 5 entities and 5 collections);
    14129 nanoseconds spent executing 1 pre-partial-flushes;
    11768 nanoseconds spent executing 1 partial-flushes (flushing a total of 0 entities and 0 collections)
}
[DAY 41] Hibernate statistics after 5 inserts + 1 query:
  queries executed: 1
  prepared statements: 6
  entities loaded: 5, inserted: 5
  max query time: 3ms
  slowest query: [CRITERIA] select o1_0.id,o1_0.status,o1_0.total,o1_0.user_id,o1_0.version from orders o1_0 where o1_0.user_id=?
]]></system-out>
  </testcase>
  <testcase name="hibernate_statistics_are_enabled" classname="com.techleadguru.phase2.day41.Day41SlowQueryDetectionTest" time="0.02">
    <system-out><![CDATA[2026-04-04T23:29:11.751+05:30 DEBUG 99102 --- [phase2-data] [           main] org.hibernate.SQL                        : select o1_0.id,o1_0.status,o1_0.total,o1_0.user_id,o1_0.version from orders o1_0
Hibernate: select o1_0.id,o1_0.status,o1_0.total,o1_0.user_id,o1_0.version from orders o1_0
2026-04-04T23:29:11.751+05:30  INFO 99102 --- [phase2-data] [           main] p6spy                                    : #1775325551751 | took 0ms | statement | connection 39| url jdbc:h2:mem:phase2db
select o1_0.id,o1_0.status,o1_0.total,o1_0.user_id,o1_0.version from orders o1_0
select o1_0.id,o1_0.status,o1_0.total,o1_0.user_id,o1_0.version from orders o1_0;
2026-04-04T23:29:11.753+05:30 DEBUG 99102 --- [phase2-data] [           main] o.h.stat.internal.StatisticsImpl         : HHH000117: HQL: [CRITERIA] select o1_0.id,o1_0.status,o1_0.total,o1_0.user_id,o1_0.version from orders o1_0, time: 1ms, rows: 5
2026-04-04T23:29:11.755+05:30 DEBUG 99102 --- [phase2-data] [           main] org.hibernate.SQL                        : select i1_0.order_id,i1_0.id,i1_0.price,i1_0.product,i1_0.quantity from order_items i1_0 where i1_0.order_id in (?,?,?,?,?,?,?,?,?,?)
Hibernate: select i1_0.order_id,i1_0.id,i1_0.price,i1_0.product,i1_0.quantity from order_items i1_0 where i1_0.order_id in (?,?,?,?,?,?,?,?,?,?)
2026-04-04T23:29:11.757+05:30  INFO 99102 --- [phase2-data] [           main] p6spy                                    : #1775325551757 | took 0ms | statement | connection 39| url jdbc:h2:mem:phase2db
select i1_0.order_id,i1_0.id,i1_0.price,i1_0.product,i1_0.quantity from order_items i1_0 where i1_0.order_id in (?,?,?,?,?,?,?,?,?,?)
select i1_0.order_id,i1_0.id,i1_0.price,i1_0.product,i1_0.quantity from order_items i1_0 where i1_0.order_id in ('3ce2049e-3604-4e33-98ef-c0d560d0369d','f2fd759f-ac01-481f-a160-50cd51c2d9ba','8fb1e2fd-9e92-4ad9-ae25-5374e1d56895','dbfe89a2-4f4e-4dea-af7e-658a3b9ab366','fc477327-fd43-420d-9d4f-7fc59e61f533',NULL,NULL,NULL,NULL,NULL);
2026-04-04T23:29:11.759+05:30 DEBUG 99102 --- [phase2-data] [           main] org.hibernate.SQL                        : delete from orders where id=? and version=?
Hibernate: delete from orders where id=? and version=?
2026-04-04T23:29:11.760+05:30  INFO 99102 --- [phase2-data] [           main] p6spy                                    : #1775325551760 | took 0ms | statement | connection 39| url jdbc:h2:mem:phase2db
delete from orders where id=? and version=?
delete from orders where id='3ce2049e-3604-4e33-98ef-c0d560d0369d' and version=0;
2026-04-04T23:29:11.760+05:30 DEBUG 99102 --- [phase2-data] [           main] org.hibernate.SQL                        : delete from orders where id=? and version=?
Hibernate: delete from orders where id=? and version=?
2026-04-04T23:29:11.761+05:30  INFO 99102 --- [phase2-data] [           main] p6spy                                    : #1775325551761 | took 0ms | statement | connection 39| url jdbc:h2:mem:phase2db
delete from orders where id=? and version=?
delete from orders where id='f2fd759f-ac01-481f-a160-50cd51c2d9ba' and version=0;
2026-04-04T23:29:11.761+05:30 DEBUG 99102 --- [phase2-data] [           main] org.hibernate.SQL                        : delete from orders where id=? and version=?
Hibernate: delete from orders where id=? and version=?
2026-04-04T23:29:11.761+05:30  INFO 99102 --- [phase2-data] [           main] p6spy                                    : #1775325551761 | took 0ms | statement | connection 39| url jdbc:h2:mem:phase2db
delete from orders where id=? and version=?
delete from orders where id='8fb1e2fd-9e92-4ad9-ae25-5374e1d56895' and version=0;
2026-04-04T23:29:11.762+05:30 DEBUG 99102 --- [phase2-data] [           main] org.hibernate.SQL                        : delete from orders where id=? and version=?
Hibernate: delete from orders where id=? and version=?
2026-04-04T23:29:11.762+05:30  INFO 99102 --- [phase2-data] [           main] p6spy                                    : #1775325551762 | took 0ms | statement | connection 39| url jdbc:h2:mem:phase2db
delete from orders where id=? and version=?
delete from orders where id='dbfe89a2-4f4e-4dea-af7e-658a3b9ab366' and version=0;
2026-04-04T23:29:11.762+05:30 DEBUG 99102 --- [phase2-data] [           main] org.hibernate.SQL                        : delete from orders where id=? and version=?
Hibernate: delete from orders where id=? and version=?
2026-04-04T23:29:11.763+05:30  INFO 99102 --- [phase2-data] [           main] p6spy                                    : #1775325551763 | took 0ms | statement | connection 39| url jdbc:h2:mem:phase2db
delete from orders where id=? and version=?
delete from orders where id='fc477327-fd43-420d-9d4f-7fc59e61f533' and version=0;
2026-04-04T23:29:11.763+05:30  INFO 99102 --- [phase2-data] [           main] p6spy                                    : #1775325551763 | took 0ms | commit | connection 39| url jdbc:h2:mem:phase2db

;
2026-04-04T23:29:11.763+05:30  INFO 99102 --- [phase2-data] [           main] i.StatisticalLoggingSessionEventListener : Session Metrics {
    149349 nanoseconds spent acquiring 1 JDBC connections;
    0 nanoseconds spent releasing 0 JDBC connections;
    796523 nanoseconds spent preparing 7 JDBC statements;
    3360192 nanoseconds spent executing 7 JDBC statements;
    0 nanoseconds spent executing 0 JDBC batches;
    0 nanoseconds spent performing 0 L2C puts;
    0 nanoseconds spent performing 0 L2C hits;
    0 nanoseconds spent performing 0 L2C misses;
    4754103 nanoseconds spent executing 1 flushes (flushing a total of 5 entities and 5 collections);
    8422 nanoseconds spent executing 1 pre-partial-flushes;
    7639 nanoseconds spent executing 1 partial-flushes (flushing a total of 0 entities and 0 collections)
}
2026-04-04T23:29:11.764+05:30  INFO 99102 --- [phase2-data] [           main] lowQueryDetection$QueryStatisticsService : [Day41] Hibernate statistics cleared
2026-04-04T23:29:11.764+05:30  INFO 99102 --- [phase2-data] [           main] lowQueryDetection$QueryStatisticsService : [Day41] Hibernate statistics enabled
[DAY 41] Hibernate statistics accessible.
  queries=0, sessions=0, loads=0
]]></system-out>
  </testcase>
  <testcase name="query_count_increases_with_each_query" classname="com.techleadguru.phase2.day41.Day41SlowQueryDetectionTest" time="0.024">
    <system-out><![CDATA[2026-04-04T23:29:11.773+05:30 DEBUG 99102 --- [phase2-data] [           main] org.hibernate.SQL                        : select o1_0.id,o1_0.status,o1_0.total,o1_0.user_id,o1_0.version from orders o1_0
Hibernate: select o1_0.id,o1_0.status,o1_0.total,o1_0.user_id,o1_0.version from orders o1_0
2026-04-04T23:29:11.773+05:30  INFO 99102 --- [phase2-data] [           main] p6spy                                    : #1775325551773 | took 0ms | statement | connection 40| url jdbc:h2:mem:phase2db
select o1_0.id,o1_0.status,o1_0.total,o1_0.user_id,o1_0.version from orders o1_0
select o1_0.id,o1_0.status,o1_0.total,o1_0.user_id,o1_0.version from orders o1_0;
2026-04-04T23:29:11.774+05:30 DEBUG 99102 --- [phase2-data] [           main] o.h.stat.internal.StatisticsImpl         : HHH000117: HQL: [CRITERIA] select o1_0.id,o1_0.status,o1_0.total,o1_0.user_id,o1_0.version from orders o1_0, time: 0ms, rows: 0
2026-04-04T23:29:11.774+05:30  INFO 99102 --- [phase2-data] [           main] p6spy                                    : #1775325551774 | took 0ms | commit | connection 40| url jdbc:h2:mem:phase2db

;
2026-04-04T23:29:11.774+05:30  INFO 99102 --- [phase2-data] [           main] i.StatisticalLoggingSessionEventListener : Session Metrics {
    189122 nanoseconds spent acquiring 1 JDBC connections;
    0 nanoseconds spent releasing 0 JDBC connections;
    50558 nanoseconds spent preparing 1 JDBC statements;
    308490 nanoseconds spent executing 1 JDBC statements;
    0 nanoseconds spent executing 0 JDBC batches;
    0 nanoseconds spent performing 0 L2C puts;
    0 nanoseconds spent performing 0 L2C hits;
    0 nanoseconds spent performing 0 L2C misses;
    0 nanoseconds spent executing 0 flushes (flushing a total of 0 entities and 0 collections);
    7113 nanoseconds spent executing 1 pre-partial-flushes;
    7403 nanoseconds spent executing 1 partial-flushes (flushing a total of 0 entities and 0 collections)
}
2026-04-04T23:29:11.774+05:30  INFO 99102 --- [phase2-data] [           main] lowQueryDetection$QueryStatisticsService : [Day41] Hibernate statistics cleared
2026-04-04T23:29:11.774+05:30  INFO 99102 --- [phase2-data] [           main] lowQueryDetection$QueryStatisticsService : [Day41] Hibernate statistics enabled
2026-04-04T23:29:11.776+05:30  INFO 99102 --- [phase2-data] [           main] lowQueryDetection$QueryStatisticsService : [Day41] Created 3 test orders for userId=user-stats-1
2026-04-04T23:29:11.777+05:30 DEBUG 99102 --- [phase2-data] [           main] org.hibernate.SQL                        : insert into orders (status,total,user_id,version,id) values (?,?,?,?,?)
Hibernate: insert into orders (status,total,user_id,version,id) values (?,?,?,?,?)
2026-04-04T23:29:11.778+05:30  INFO 99102 --- [phase2-data] [           main] p6spy                                    : #1775325551778 | took 0ms | statement | connection 41| url jdbc:h2:mem:phase2db
insert into orders (status,total,user_id,version,id) values (?,?,?,?,?)
insert into orders (status,total,user_id,version,id) values ('PENDING',10.00,'user-stats-1',0,'f117cbd9-ba46-45ab-ba86-315a6ef7c7ad');
2026-04-04T23:29:11.778+05:30 DEBUG 99102 --- [phase2-data] [           main] org.hibernate.SQL                        : insert into orders (status,total,user_id,version,id) values (?,?,?,?,?)
Hibernate: insert into orders (status,total,user_id,version,id) values (?,?,?,?,?)
2026-04-04T23:29:11.778+05:30  INFO 99102 --- [phase2-data] [           main] p6spy                                    : #1775325551778 | took 0ms | statement | connection 41| url jdbc:h2:mem:phase2db
insert into orders (status,total,user_id,version,id) values (?,?,?,?,?)
insert into orders (status,total,user_id,version,id) values ('PENDING',11.00,'user-stats-1',0,'0cd3b6d0-a918-4194-9c8a-5326d9453a71');
2026-04-04T23:29:11.779+05:30 DEBUG 99102 --- [phase2-data] [           main] org.hibernate.SQL                        : insert into orders (status,total,user_id,version,id) values (?,?,?,?,?)
Hibernate: insert into orders (status,total,user_id,version,id) values (?,?,?,?,?)
2026-04-04T23:29:11.779+05:30  INFO 99102 --- [phase2-data] [           main] p6spy                                    : #1775325551779 | took 0ms | statement | connection 41| url jdbc:h2:mem:phase2db
insert into orders (status,total,user_id,version,id) values (?,?,?,?,?)
insert into orders (status,total,user_id,version,id) values ('PENDING',12.00,'user-stats-1',0,'82b1bfe8-bded-41f4-a325-b08305b3ff33');
2026-04-04T23:29:11.780+05:30  INFO 99102 --- [phase2-data] [           main] p6spy                                    : #1775325551780 | took 0ms | commit | connection 41| url jdbc:h2:mem:phase2db

;
2026-04-04T23:29:11.780+05:30  INFO 99102 --- [phase2-data] [           main] i.StatisticalLoggingSessionEventListener : Session Metrics {
    167083 nanoseconds spent acquiring 1 JDBC connections;
    0 nanoseconds spent releasing 0 JDBC connections;
    96260 nanoseconds spent preparing 3 JDBC statements;
    1210174 nanoseconds spent executing 3 JDBC statements;
    0 nanoseconds spent executing 0 JDBC batches;
    0 nanoseconds spent performing 0 L2C puts;
    0 nanoseconds spent performing 0 L2C hits;
    0 nanoseconds spent performing 0 L2C misses;
    2873754 nanoseconds spent executing 1 flushes (flushing a total of 3 entities and 3 collections);
    0 nanoseconds spent executing 0 pre-partial-flushes;
    0 nanoseconds spent executing 0 partial-flushes (flushing a total of 0 entities and 0 collections)
}
2026-04-04T23:29:11.783+05:30 DEBUG 99102 --- [phase2-data] [           main] org.hibernate.SQL                        : select o1_0.id,o1_0.status,o1_0.total,o1_0.user_id,o1_0.version from orders o1_0 where o1_0.user_id=?
Hibernate: select o1_0.id,o1_0.status,o1_0.total,o1_0.user_id,o1_0.version from orders o1_0 where o1_0.user_id=?
2026-04-04T23:29:11.784+05:30  INFO 99102 --- [phase2-data] [           main] p6spy                                    : #1775325551784 | took 0ms | statement | connection 42| url jdbc:h2:mem:phase2db
select o1_0.id,o1_0.status,o1_0.total,o1_0.user_id,o1_0.version from orders o1_0 where o1_0.user_id=?
select o1_0.id,o1_0.status,o1_0.total,o1_0.user_id,o1_0.version from orders o1_0 where o1_0.user_id='user-stats-1';
2026-04-04T23:29:11.785+05:30 DEBUG 99102 --- [phase2-data] [           main] o.h.stat.internal.StatisticsImpl         : HHH000117: HQL: [CRITERIA] select o1_0.id,o1_0.status,o1_0.total,o1_0.user_id,o1_0.version from orders o1_0 where o1_0.user_id=?, time: 1ms, rows: 3
2026-04-04T23:29:11.785+05:30  INFO 99102 --- [phase2-data] [           main] lowQueryDetection$QueryStatisticsService : [Day41] Query cost: queries=1, entities loaded=3, results=3
2026-04-04T23:29:11.786+05:30  INFO 99102 --- [phase2-data] [           main] p6spy                                    : #1775325551786 | took 0ms | commit | connection 42| url jdbc:h2:mem:phase2db

;
2026-04-04T23:29:11.787+05:30  INFO 99102 --- [phase2-data] [           main] i.StatisticalLoggingSessionEventListener : Session Metrics {
    165765 nanoseconds spent acquiring 1 JDBC connections;
    0 nanoseconds spent releasing 0 JDBC connections;
    49194 nanoseconds spent preparing 1 JDBC statements;
    428846 nanoseconds spent executing 1 JDBC statements;
    0 nanoseconds spent executing 0 JDBC batches;
    0 nanoseconds spent performing 0 L2C puts;
    0 nanoseconds spent performing 0 L2C hits;
    0 nanoseconds spent performing 0 L2C misses;
    594758 nanoseconds spent executing 1 flushes (flushing a total of 3 entities and 3 collections);
    8218 nanoseconds spent executing 1 pre-partial-flushes;
    7950 nanoseconds spent executing 1 partial-flushes (flushing a total of 0 entities and 0 collections)
}
[DAY 41] Queried userId=user-stats-1: queries=1, entities=3, results=3
]]></system-out>
  </testcase>
</testsuite>