<?xml version="1.0" encoding="UTF-8"?>
<testsuite xmlns:xsi="http://www.w3.org/2001/XMLSchema-instance" xsi:noNamespaceSchemaLocation="https://maven.apache.org/surefire/maven-surefire-plugin/xsd/surefire-test-report-3.0.xsd" version="3.0" name="com.techleadguru.phase2.day31.Day31NPlusOneProblemTest" time="0.461" tests="2" errors="0" skipped="0" failures="0">
  <properties>
[...]
</properties>
  <testcase name="nPlusOneProblem_loadsItemsLazily" classname="com.techleadguru.phase2.day31.Day31NPlusOneProblemTest" time="0.319">
    <system-out><![CDATA[2026-04-04T23:29:10.954+05:30 DEBUG 99102 --- [phase2-data] [           main] org.hibernate.SQL                        : select oi1_0.id,oi1_0.order_id,oi1_0.price,oi1_0.product,oi1_0.quantity from order_items oi1_0
Hibernate: select oi1_0.id,oi1_0.order_id,oi1_0.price,oi1_0.product,oi1_0.quantity from order_items oi1_0
2026-04-04T23:29:10.956+05:30  INFO 99102 --- [phase2-data] [           main] p6spy                                    : #1775325550956 | took 0ms | statement | connection 4| url jdbc:h2:mem:phase2db
select oi1_0.id,oi1_0.order_id,oi1_0.price,oi1_0.product,oi1_0.quantity from order_items oi1_0
select oi1_0.id,oi1_0.order_id,oi1_0.price,oi1_0.product,oi1_0.quantity from order_items oi1_0;
2026-04-04T23:29:10.987+05:30 DEBUG 99102 --- [phase2-data] [           main] o.h.stat.internal.StatisticsImpl         : HHH000117: HQL: [CRITERIA] select oi1_0.id,oi1_0.order_id,oi1_0.price,oi1_0.product,oi1_0.quantity from order_items oi1_0, time: 30ms, rows: 0
2026-04-04T23:29:10.990+05:30  INFO 99102 --- [phase2-data] [           main] p6spy                                    : #1775325550990 | took 0ms | commit | connection 4| url jdbc:h2:mem:phase2db

;
2026-04-04T23:29:10.992+05:30  INFO 99102 --- [phase2-data] [           main] i.StatisticalLoggingSessionEventListener : Session Metrics {
    285055 nanoseconds spent acquiring 1 JDBC connections;
    0 nanoseconds spent releasing 0 JDBC connections;
    774209 nanoseconds spent preparing 1 JDBC statements;
    998107 nanoseconds spent executing 1 JDBC statements;
    0 nanoseconds spent executing 0 JDBC batches;
    0 nanoseconds spent performing 0 L2C puts;
    0 nanoseconds spent performing 0 L2C hits;
    0 nanoseconds spent performing 0 L2C misses;
    0 nanoseconds spent executing 0 flushes (flushing a total of 0 entities and 0 collections);
    42278 nanoseconds spent executing 1 pre-partial-flushes;
    22608 nanoseconds spent executing 1 partial-flushes (flushing a total of 0 entities and 0 collections)
}
2026-04-04T23:29:10.997+05:30 DEBUG 99102 --- [phase2-data] [           main] org.hibernate.SQL                        : select o1_0.id,o1_0.status,o1_0.total,o1_0.user_id,o1_0.version from orders o1_0
Hibernate: select o1_0.id,o1_0.status,o1_0.total,o1_0.user_id,o1_0.version from orders o1_0
2026-04-04T23:29:10.998+05:30  INFO 99102 --- [phase2-data] [           main] p6spy                                    : #1775325550998 | took 0ms | statement | connection 5| url jdbc:h2:mem:phase2db
select o1_0.id,o1_0.status,o1_0.total,o1_0.user_id,o1_0.version from orders o1_0
select o1_0.id,o1_0.status,o1_0.total,o1_0.user_id,o1_0.version from orders o1_0;
2026-04-04T23:29:11.001+05:30 DEBUG 99102 --- [phase2-data] [           main] o.h.stat.internal.StatisticsImpl         : HHH000117: HQL: [CRITERIA] select o1_0.id,o1_0.status,o1_0.total,o1_0.user_id,o1_0.version from orders o1_0, time: 2ms, rows: 0
2026-04-04T23:29:11.002+05:30  INFO 99102 --- [phase2-data] [           main] p6spy                                    : #1775325551002 | took 0ms | commit | connection 5| url jdbc:h2:mem:phase2db

;
2026-04-04T23:29:11.002+05:30  INFO 99102 --- [phase2-data] [           main] i.StatisticalLoggingSessionEventListener : Session Metrics {
    247523 nanoseconds spent acquiring 1 JDBC connections;
    0 nanoseconds spent releasing 0 JDBC connections;
    422871 nanoseconds spent preparing 1 JDBC statements;
    610041 nanoseconds spent executing 1 JDBC statements;
    0 nanoseconds spent executing 0 JDBC batches;
    0 nanoseconds spent performing 0 L2C puts;
    0 nanoseconds spent performing 0 L2C hits;
    0 nanoseconds spent performing 0 L2C misses;
    0 nanoseconds spent executing 0 flushes (flushing a total of 0 entities and 0 collections);
    8475 nanoseconds spent executing 1 pre-partial-flushes;
    9710 nanoseconds spent executing 1 partial-flushes (flushing a total of 0 entities and 0 collections)
}
2026-04-04T23:29:11.062+05:30 DEBUG 99102 --- [phase2-data] [           main] org.hibernate.SQL                        : insert into orders (status,total,user_id,version,id) values (?,?,?,?,?)
Hibernate: insert into orders (status,total,user_id,version,id) values (?,?,?,?,?)
2026-04-04T23:29:11.066+05:30  INFO 99102 --- [phase2-data] [           main] p6spy                                    : #1775325551066 | took 0ms | statement | connection 6| url jdbc:h2:mem:phase2db
insert into orders (status,total,user_id,version,id) values (?,?,?,?,?)
insert into orders (status,total,user_id,version,id) values ('PENDING',10,'user-1',0,'4a6a13a1-af6a-4480-82d8-b53ac6f89f4a');
2026-04-04T23:29:11.069+05:30 DEBUG 99102 --- [phase2-data] [           main] org.hibernate.SQL                        : insert into order_items (order_id,price,product,quantity,id) values (?,?,?,?,?)
Hibernate: insert into order_items (order_id,price,product,quantity,id) values (?,?,?,?,?)
2026-04-04T23:29:11.071+05:30  INFO 99102 --- [phase2-data] [           main] p6spy                                    : #1775325551071 | took 1ms | statement | connection 6| url jdbc:h2:mem:phase2db
insert into order_items (order_id,price,product,quantity,id) values (?,?,?,?,?)
insert into order_items (order_id,price,product,quantity,id) values ('4a6a13a1-af6a-4480-82d8-b53ac6f89f4a',9.99,'Laptop',1,'6e1252a0-1080-498f-8c15-a57a779f84c7');
2026-04-04T23:29:11.072+05:30 DEBUG 99102 --- [phase2-data] [           main] org.hibernate.SQL                        : insert into order_items (order_id,price,product,quantity,id) values (?,?,?,?,?)
Hibernate: insert into order_items (order_id,price,product,quantity,id) values (?,?,?,?,?)
2026-04-04T23:29:11.073+05:30  INFO 99102 --- [phase2-data] [           main] p6spy                                    : #1775325551073 | took 0ms | statement | connection 6| url jdbc:h2:mem:phase2db
insert into order_items (order_id,price,product,quantity,id) values (?,?,?,?,?)
insert into order_items (order_id,price,product,quantity,id) values ('4a6a13a1-af6a-4480-82d8-b53ac6f89f4a',9.99,'Mouse',1,'42a52901-4e39-456b-9794-f903ff9ee484');
2026-04-04T23:29:11.079+05:30  INFO 99102 --- [phase2-data] [           main] p6spy                                    : #1775325551079 | took 0ms | commit | connection 6| url jdbc:h2:mem:phase2db

;
2026-04-04T23:29:11.079+05:30  INFO 99102 --- [phase2-data] [           main] i.StatisticalLoggingSessionEventListener : Session Metrics {
    431494 nanoseconds spent acquiring 1 JDBC connections;
    0 nanoseconds spent releasing 0 JDBC connections;
    660289 nanoseconds spent preparing 3 JDBC statements;
    3927336 nanoseconds spent executing 3 JDBC statements;
    0 nanoseconds spent executing 0 JDBC batches;
    0 nanoseconds spent performing 0 L2C puts;
    0 nanoseconds spent performing 0 L2C hits;
    0 nanoseconds spent performing 0 L2C misses;
    37694269 nanoseconds spent executing 1 flushes (flushing a total of 3 entities and 1 collections);
    0 nanoseconds spent executing 0 pre-partial-flushes;
    0 nanoseconds spent executing 0 partial-flushes (flushing a total of 0 entities and 0 collections)
}
2026-04-04T23:29:11.083+05:30 DEBUG 99102 --- [phase2-data] [           main] org.hibernate.SQL                        : insert into orders (status,total,user_id,version,id) values (?,?,?,?,?)
Hibernate: insert into orders (status,total,user_id,version,id) values (?,?,?,?,?)
2026-04-04T23:29:11.085+05:30  INFO 99102 --- [phase2-data] [           main] p6spy                                    : #1775325551085 | took 0ms | statement | connection 7| url jdbc:h2:mem:phase2db
insert into orders (status,total,user_id,version,id) values (?,?,?,?,?)
insert into orders (status,total,user_id,version,id) values ('PENDING',10,'user-2',0,'5aaf40ba-7687-4b1c-9783-4eda4688931e');
2026-04-04T23:29:11.086+05:30 DEBUG 99102 --- [phase2-data] [           main] org.hibernate.SQL                        : insert into order_items (order_id,price,product,quantity,id) values (?,?,?,?,?)
Hibernate: insert into order_items (order_id,price,product,quantity,id) values (?,?,?,?,?)
2026-04-04T23:29:11.087+05:30  INFO 99102 --- [phase2-data] [           main] p6spy                                    : #1775325551087 | took 0ms | statement | connection 7| url jdbc:h2:mem:phase2db
insert into order_items (order_id,price,product,quantity,id) values (?,?,?,?,?)
insert into order_items (order_id,price,product,quantity,id) values ('5aaf40ba-7687-4b1c-9783-4eda4688931e',9.99,'Keyboard',1,'ea470371-c579-4e5f-a1bc-a96582b1a580');
2026-04-04T23:29:11.088+05:30 DEBUG 99102 --- [phase2-data] [           main] org.hibernate.SQL                        : insert into order_items (order_id,price,product,quantity,id) values (?,?,?,?,?)
Hibernate: insert into order_items (order_id,price,product,quantity,id) values (?,?,?,?,?)
2026-04-04T23:29:11.091+05:30  INFO 99102 --- [phase2-data] [           main] p6spy                                    : #1775325551091 | took 1ms | statement | connection 7| url jdbc:h2:mem:phase2db
insert into order_items (order_id,price,product,quantity,id) values (?,?,?,?,?)
insert into order_items (order_id,price,product,quantity,id) values ('5aaf40ba-7687-4b1c-9783-4eda4688931e',9.99,'Monitor',1,'6b44aa0c-defe-46d6-884b-37a11bcccd4d');
2026-04-04T23:29:11.092+05:30  INFO 99102 --- [phase2-data] [           main] p6spy                                    : #1775325551092 | took 0ms | commit | connection 7| url jdbc:h2:mem:phase2db

;
2026-04-04T23:29:11.092+05:30  INFO 99102 --- [phase2-data] [           main] i.StatisticalLoggingSessionEventListener : Session Metrics {
    216064 nanoseconds spent acquiring 1 JDBC connections;
    0 nanoseconds spent releasing 0 JDBC connections;
    195522 nanoseconds spent preparing 3 JDBC statements;
    3463959 nanoseconds spent executing 3 JDBC statements;
    0 nanoseconds spent executing 0 JDBC batches;
    0 nanoseconds spent performing 0 L2C puts;
    0 nanoseconds spent performing 0 L2C hits;
    0 nanoseconds spent performing 0 L2C misses;
    8628926 nanoseconds spent executing 1 flushes (flushing a total of 3 entities and 1 collections);
    0 nanoseconds spent executing 0 pre-partial-flushes;
    0 nanoseconds spent executing 0 partial-flushes (flushing a total of 0 entities and 0 collections)
}
2026-04-04T23:29:11.095+05:30 DEBUG 99102 --- [phase2-data] [           main] org.hibernate.SQL                        : insert into orders (status,total,user_id,version,id) values (?,?,?,?,?)
Hibernate: insert into orders (status,total,user_id,version,id) values (?,?,?,?,?)
2026-04-04T23:29:11.097+05:30  INFO 99102 --- [phase2-data] [           main] p6spy                                    : #1775325551097 | took 0ms | statement | connection 8| url jdbc:h2:mem:phase2db
insert into orders (status,total,user_id,version,id) values (?,?,?,?,?)
insert into orders (status,total,user_id,version,id) values ('PENDING',10,'user-3',0,'bdf61f76-2539-48ae-9320-24cb93cd4426');
2026-04-04T23:29:11.098+05:30 DEBUG 99102 --- [phase2-data] [           main] org.hibernate.SQL                        : insert into order_items (order_id,price,product,quantity,id) values (?,?,?,?,?)
Hibernate: insert into order_items (order_id,price,product,quantity,id) values (?,?,?,?,?)
2026-04-04T23:29:11.099+05:30  INFO 99102 --- [phase2-data] [           main] p6spy                                    : #1775325551099 | took 0ms | statement | connection 8| url jdbc:h2:mem:phase2db
insert into order_items (order_id,price,product,quantity,id) values (?,?,?,?,?)
insert into order_items (order_id,price,product,quantity,id) values ('bdf61f76-2539-48ae-9320-24cb93cd4426',9.99,'Webcam',1,'e827b44b-09fd-471b-922b-d87c66c2ec53');
2026-04-04T23:29:11.100+05:30 DEBUG 99102 --- [phase2-data] [           main] org.hibernate.SQL                        : insert into order_items (order_id,price,product,quantity,id) values (?,?,?,?,?)
Hibernate: insert into order_items (order_id,price,product,quantity,id) values (?,?,?,?,?)
2026-04-04T23:29:11.101+05:30  INFO 99102 --- [phase2-data] [           main] p6spy                                    : #1775325551101 | took 0ms | statement | connection 8| url jdbc:h2:mem:phase2db
insert into order_items (order_id,price,product,quantity,id) values (?,?,?,?,?)
insert into order_items (order_id,price,product,quantity,id) values ('bdf61f76-2539-48ae-9320-24cb93cd4426',9.99,'Headset',1,'a80e2c2a-5f91-4267-85b2-76eb7b1a0c24');
2026-04-04T23:29:11.102+05:30  INFO 99102 --- [phase2-data] [           main] p6spy                                    : #1775325551102 | took 0ms | commit | connection 8| url jdbc:h2:mem:phase2db

;
2026-04-04T23:29:11.103+05:30  INFO 99102 --- [phase2-data] [           main] i.StatisticalLoggingSessionEventListener : Session Metrics {
    178092 nanoseconds spent acquiring 1 JDBC connections;
    0 nanoseconds spent releasing 0 JDBC connections;
    180405 nanoseconds spent preparing 3 JDBC statements;
    3573891 nanoseconds spent executing 3 JDBC statements;
    0 nanoseconds spent executing 0 JDBC batches;
    0 nanoseconds spent performing 0 L2C puts;
    0 nanoseconds spent performing 0 L2C hits;
    0 nanoseconds spent performing 0 L2C misses;
    6850538 nanoseconds spent executing 1 flushes (flushing a total of 3 entities and 1 collections);
    0 nanoseconds spent executing 0 pre-partial-flushes;
    0 nanoseconds spent executing 0 partial-flushes (flushing a total of 0 entities and 0 collections)
}
2026-04-04T23:29:11.106+05:30 DEBUG 99102 --- [phase2-data] [           main] org.hibernate.SQL                        : select o1_0.id,o1_0.status,o1_0.total,o1_0.user_id,o1_0.version from orders o1_0
Hibernate: select o1_0.id,o1_0.status,o1_0.total,o1_0.user_id,o1_0.version from orders o1_0
2026-04-04T23:29:11.107+05:30  INFO 99102 --- [phase2-data] [           main] p6spy                                    : #1775325551107 | took 0ms | statement | connection 9| url jdbc:h2:mem:phase2db
select o1_0.id,o1_0.status,o1_0.total,o1_0.user_id,o1_0.version from orders o1_0
select o1_0.id,o1_0.status,o1_0.total,o1_0.user_id,o1_0.version from orders o1_0;
2026-04-04T23:29:11.114+05:30 DEBUG 99102 --- [phase2-data] [           main] o.h.stat.internal.StatisticsImpl         : HHH000117: HQL: [CRITERIA] select o1_0.id,o1_0.status,o1_0.total,o1_0.user_id,o1_0.version from orders o1_0, time: 6ms, rows: 3
2026-04-04T23:29:11.115+05:30  WARN 99102 --- [phase2-data] [           main] Day31NPlusOneProblem$OrderSummaryService : [Day31] Loaded 3 orders. Now triggering N+1...
2026-04-04T23:29:11.129+05:30 DEBUG 99102 --- [phase2-data] [           main] org.hibernate.SQL                        : select i1_0.order_id,i1_0.id,i1_0.price,i1_0.product,i1_0.quantity from order_items i1_0 where i1_0.order_id in (?,?,?,?,?,?,?,?,?,?)
Hibernate: select i1_0.order_id,i1_0.id,i1_0.price,i1_0.product,i1_0.quantity from order_items i1_0 where i1_0.order_id in (?,?,?,?,?,?,?,?,?,?)
2026-04-04T23:29:11.132+05:30  INFO 99102 --- [phase2-data] [           main] p6spy                                    : #1775325551132 | took 0ms | statement | connection 9| url jdbc:h2:mem:phase2db
select i1_0.order_id,i1_0.id,i1_0.price,i1_0.product,i1_0.quantity from order_items i1_0 where i1_0.order_id in (?,?,?,?,?,?,?,?,?,?)
select i1_0.order_id,i1_0.id,i1_0.price,i1_0.product,i1_0.quantity from order_items i1_0 where i1_0.order_id in ('4a6a13a1-af6a-4480-82d8-b53ac6f89f4a','5aaf40ba-7687-4b1c-9783-4eda4688931e','bdf61f76-2539-48ae-9320-24cb93cd4426',NULL,NULL,NULL,NULL,NULL,NULL,NULL);
2026-04-04T23:29:11.139+05:30  WARN 99102 --- [phase2-data] [           main] Day31NPlusOneProblem$OrderSummaryService : [Day31] N+1 triggered for order 4a6a13a1-af6a-4480-82d8-b53ac6f89f4a: 2 items
2026-04-04T23:29:11.140+05:30  WARN 99102 --- [phase2-data] [           main] Day31NPlusOneProblem$OrderSummaryService : [Day31] N+1 triggered for order 5aaf40ba-7687-4b1c-9783-4eda4688931e: 2 items
2026-04-04T23:29:11.140+05:30  WARN 99102 --- [phase2-data] [           main] Day31NPlusOneProblem$OrderSummaryService : [Day31] N+1 triggered for order bdf61f76-2539-48ae-9320-24cb93cd4426: 2 items
2026-04-04T23:29:11.143+05:30  INFO 99102 --- [phase2-data] [           main] p6spy                                    : #1775325551143 | took 0ms | commit | connection 9| url jdbc:h2:mem:phase2db

;
2026-04-04T23:29:11.144+05:30  INFO 99102 --- [phase2-data] [           main] i.StatisticalLoggingSessionEventListener : Session Metrics {
    171044 nanoseconds spent acquiring 1 JDBC connections;
    0 nanoseconds spent releasing 0 JDBC connections;
    1043771 nanoseconds spent preparing 2 JDBC statements;
    1705938 nanoseconds spent executing 2 JDBC statements;
    0 nanoseconds spent executing 0 JDBC batches;
    0 nanoseconds spent performing 0 L2C puts;
    0 nanoseconds spent performing 0 L2C hits;
    0 nanoseconds spent performing 0 L2C misses;
    2754211 nanoseconds spent executing 1 flushes (flushing a total of 9 entities and 3 collections);
    10669 nanoseconds spent executing 1 pre-partial-flushes;
    7354 nanoseconds spent executing 1 partial-flushes (flushing a total of 0 entities and 0 collections)
}
]]></system-out>
  </testcase>
  <testcase name="nPlusOneProblem_moreOrders_moreQueries" classname="com.techleadguru.phase2.day31.Day31NPlusOneProblemTest" time="0.129">
    <system-out><![CDATA[2026-04-04T23:29:11.174+05:30 DEBUG 99102 --- [phase2-data] [           main] org.hibernate.SQL                        : select oi1_0.id,oi1_0.order_id,oi1_0.price,oi1_0.product,oi1_0.quantity from order_items oi1_0
Hibernate: select oi1_0.id,oi1_0.order_id,oi1_0.price,oi1_0.product,oi1_0.quantity from order_items oi1_0
2026-04-04T23:29:11.175+05:30  INFO 99102 --- [phase2-data] [           main] p6spy                                    : #1775325551175 | took 0ms | statement | connection 10| url jdbc:h2:mem:phase2db
select oi1_0.id,oi1_0.order_id,oi1_0.price,oi1_0.product,oi1_0.quantity from order_items oi1_0
select oi1_0.id,oi1_0.order_id,oi1_0.price,oi1_0.product,oi1_0.quantity from order_items oi1_0;
2026-04-04T23:29:11.182+05:30 DEBUG 99102 --- [phase2-data] [           main] o.h.stat.internal.StatisticsImpl         : HHH000117: HQL: [CRITERIA] select oi1_0.id,oi1_0.order_id,oi1_0.price,oi1_0.product,oi1_0.quantity from order_items oi1_0, time: 6ms, rows: 6
2026-04-04T23:29:11.193+05:30 DEBUG 99102 --- [phase2-data] [           main] org.hibernate.SQL                        : delete from order_items where id=?
Hibernate: delete from order_items where id=?
2026-04-04T23:29:11.194+05:30  INFO 99102 --- [phase2-data] [           main] p6spy                                    : #1775325551194 | took 0ms | statement | connection 10| url jdbc:h2:mem:phase2db
delete from order_items where id=?
delete from order_items where id='6e1252a0-1080-498f-8c15-a57a779f84c7';
2026-04-04T23:29:11.196+05:30 DEBUG 99102 --- [phase2-data] [           main] org.hibernate.SQL                        : delete from order_items where id=?
Hibernate: delete from order_items where id=?
2026-04-04T23:29:11.197+05:30  INFO 99102 --- [phase2-data] [           main] p6spy                                    : #1775325551197 | took 0ms | statement | connection 10| url jdbc:h2:mem:phase2db
delete from order_items where id=?
delete from order_items where id='42a52901-4e39-456b-9794-f903ff9ee484';
2026-04-04T23:29:11.198+05:30 DEBUG 99102 --- [phase2-data] [           main] org.hibernate.SQL                        : delete from order_items where id=?
Hibernate: delete from order_items where id=?
2026-04-04T23:29:11.199+05:30  INFO 99102 --- [phase2-data] [           main] p6spy                                    : #1775325551199 | took 0ms | statement | connection 10| url jdbc:h2:mem:phase2db
delete from order_items where id=?
delete from order_items where id='ea470371-c579-4e5f-a1bc-a96582b1a580';
2026-04-04T23:29:11.199+05:30 DEBUG 99102 --- [phase2-data] [           main] org.hibernate.SQL                        : delete from order_items where id=?
Hibernate: delete from order_items where id=?
2026-04-04T23:29:11.200+05:30  INFO 99102 --- [phase2-data] [           main] p6spy                                    : #1775325551200 | took 0ms | statement | connection 10| url jdbc:h2:mem:phase2db
delete from order_items where id=?
delete from order_items where id='6b44aa0c-defe-46d6-884b-37a11bcccd4d';
2026-04-04T23:29:11.203+05:30 DEBUG 99102 --- [phase2-data] [           main] org.hibernate.SQL                        : delete from order_items where id=?
Hibernate: delete from order_items where id=?
2026-04-04T23:29:11.204+05:30  INFO 99102 --- [phase2-data] [           main] p6spy                                    : #1775325551204 | took 0ms | statement | connection 10| url jdbc:h2:mem:phase2db
delete from order_items where id=?
delete from order_items where id='e827b44b-09fd-471b-922b-d87c66c2ec53';
2026-04-04T23:29:11.205+05:30 DEBUG 99102 --- [phase2-data] [           main] org.hibernate.SQL                        : delete from order_items where id=?
Hibernate: delete from order_items where id=?
2026-04-04T23:29:11.206+05:30  INFO 99102 --- [phase2-data] [           main] p6spy                                    : #1775325551206 | took 0ms | statement | connection 10| url jdbc:h2:mem:phase2db
delete from order_items where id=?
delete from order_items where id='a80e2c2a-5f91-4267-85b2-76eb7b1a0c24';
2026-04-04T23:29:11.208+05:30  INFO 99102 --- [phase2-data] [           main] p6spy                                    : #1775325551208 | took 1ms | commit | connection 10| url jdbc:h2:mem:phase2db

;
2026-04-04T23:29:11.208+05:30  INFO 99102 --- [phase2-data] [           main] i.StatisticalLoggingSessionEventListener : Session Metrics {
    155269 nanoseconds spent acquiring 1 JDBC connections;
    0 nanoseconds spent releasing 0 JDBC connections;
    743680 nanoseconds spent preparing 7 JDBC statements;
    5998597 nanoseconds spent executing 7 JDBC statements;
    0 nanoseconds spent executing 0 JDBC batches;
    0 nanoseconds spent performing 0 L2C puts;
    0 nanoseconds spent performing 0 L2C hits;
    0 nanoseconds spent performing 0 L2C misses;
    15782559 nanoseconds spent executing 1 flushes (flushing a total of 6 entities and 0 collections);
    6975 nanoseconds spent executing 1 pre-partial-flushes;
    5526 nanoseconds spent executing 1 partial-flushes (flushing a total of 0 entities and 0 collections)
}
2026-04-04T23:29:11.210+05:30 DEBUG 99102 --- [phase2-data] [           main] org.hibernate.SQL                        : select o1_0.id,o1_0.status,o1_0.total,o1_0.user_id,o1_0.version from orders o1_0
Hibernate: select o1_0.id,o1_0.status,o1_0.total,o1_0.user_id,o1_0.version from orders o1_0
2026-04-04T23:29:11.211+05:30  INFO 99102 --- [phase2-data] [           main] p6spy                                    : #1775325551211 | took 0ms | statement | connection 11| url jdbc:h2:mem:phase2db
select o1_0.id,o1_0.status,o1_0.total,o1_0.user_id,o1_0.version from orders o1_0
select o1_0.id,o1_0.status,o1_0.total,o1_0.user_id,o1_0.version from orders o1_0;
2026-04-04T23:29:11.213+05:30 DEBUG 99102 --- [phase2-data] [           main] o.h.stat.internal.StatisticsImpl         : HHH000117: HQL: [CRITERIA] select o1_0.id,o1_0.status,o1_0.total,o1_0.user_id,o1_0.version from orders o1_0, time: 1ms, rows: 3
2026-04-04T23:29:11.215+05:30 DEBUG 99102 --- [phase2-data] [           main] org.hibernate.SQL                        : select i1_0.order_id,i1_0.id,i1_0.price,i1_0.product,i1_0.quantity from order_items i1_0 where i1_0.order_id in (?,?,?,?,?,?,?,?,?,?)
Hibernate: select i1_0.order_id,i1_0.id,i1_0.price,i1_0.product,i1_0.quantity from order_items i1_0 where i1_0.order_id in (?,?,?,?,?,?,?,?,?,?)
2026-04-04T23:29:11.215+05:30  INFO 99102 --- [phase2-data] [           main] p6spy                                    : #1775325551215 | took 0ms | statement | connection 11| url jdbc:h2:mem:phase2db
select i1_0.order_id,i1_0.id,i1_0.price,i1_0.product,i1_0.quantity from order_items i1_0 where i1_0.order_id in (?,?,?,?,?,?,?,?,?,?)
select i1_0.order_id,i1_0.id,i1_0.price,i1_0.product,i1_0.quantity from order_items i1_0 where i1_0.order_id in ('4a6a13a1-af6a-4480-82d8-b53ac6f89f4a','5aaf40ba-7687-4b1c-9783-4eda4688931e','bdf61f76-2539-48ae-9320-24cb93cd4426',NULL,NULL,NULL,NULL,NULL,NULL,NULL);
2026-04-04T23:29:11.220+05:30 DEBUG 99102 --- [phase2-data] [           main] org.hibernate.SQL                        : delete from orders where id=? and version=?
Hibernate: delete from orders where id=? and version=?
2026-04-04T23:29:11.221+05:30  INFO 99102 --- [phase2-data] [           main] p6spy                                    : #1775325551221 | took 0ms | statement | connection 11| url jdbc:h2:mem:phase2db
delete from orders where id=? and version=?
delete from orders where id='4a6a13a1-af6a-4480-82d8-b53ac6f89f4a' and version=0;
2026-04-04T23:29:11.222+05:30 DEBUG 99102 --- [phase2-data] [           main] org.hibernate.SQL                        : delete from orders where id=? and version=?
Hibernate: delete from orders where id=? and version=?
2026-04-04T23:29:11.223+05:30  INFO 99102 --- [phase2-data] [           main] p6spy                                    : #1775325551223 | took 0ms | statement | connection 11| url jdbc:h2:mem:phase2db
delete from orders where id=? and version=?
delete from orders where id='5aaf40ba-7687-4b1c-9783-4eda4688931e' and version=0;
2026-04-04T23:29:11.223+05:30 DEBUG 99102 --- [phase2-data] [           main] org.hibernate.SQL                        : delete from orders where id=? and version=?
Hibernate: delete from orders where id=? and version=?
2026-04-04T23:29:11.224+05:30  INFO 99102 --- [phase2-data] [           main] p6spy                                    : #1775325551224 | took 0ms | statement | connection 11| url jdbc:h2:mem:phase2db
delete from orders where id=? and version=?
delete from orders where id='bdf61f76-2539-48ae-9320-24cb93cd4426' and version=0;
2026-04-04T23:29:11.225+05:30  INFO 99102 --- [phase2-data] [           main] p6spy                                    : #1775325551225 | took 0ms | commit | connection 11| url jdbc:h2:mem:phase2db

;
2026-04-04T23:29:11.225+05:30  INFO 99102 --- [phase2-data] [           main] i.StatisticalLoggingSessionEventListener : Session Metrics {
    175566 nanoseconds spent acquiring 1 JDBC connections;
    0 nanoseconds spent releasing 0 JDBC connections;
    591211 nanoseconds spent preparing 5 JDBC statements;
    3643863 nanoseconds spent executing 5 JDBC statements;
    0 nanoseconds spent executing 0 JDBC batches;
    0 nanoseconds spent performing 0 L2C puts;
    0 nanoseconds spent performing 0 L2C hits;
    0 nanoseconds spent performing 0 L2C misses;
    8072801 nanoseconds spent executing 1 flushes (flushing a total of 3 entities and 3 collections);
    8003 nanoseconds spent executing 1 pre-partial-flushes;
    5615 nanoseconds spent executing 1 partial-flushes (flushing a total of 0 entities and 0 collections)
}
2026-04-04T23:29:11.228+05:30 DEBUG 99102 --- [phase2-data] [           main] org.hibernate.SQL                        : insert into orders (status,total,user_id,version,id) values (?,?,?,?,?)
Hibernate: insert into orders (status,total,user_id,version,id) values (?,?,?,?,?)
2026-04-04T23:29:11.229+05:30  INFO 99102 --- [phase2-data] [           main] p6spy                                    : #1775325551229 | took 0ms | statement | connection 12| url jdbc:h2:mem:phase2db
insert into orders (status,total,user_id,version,id) values (?,?,?,?,?)
insert into orders (status,total,user_id,version,id) values ('PENDING',10,'user-0',0,'ed7770a9-1f18-481b-9790-29e1a6658271');
2026-04-04T23:29:11.230+05:30 DEBUG 99102 --- [phase2-data] [           main] org.hibernate.SQL                        : insert into order_items (order_id,price,product,quantity,id) values (?,?,?,?,?)
Hibernate: insert into order_items (order_id,price,product,quantity,id) values (?,?,?,?,?)
2026-04-04T23:29:11.230+05:30  INFO 99102 --- [phase2-data] [           main] p6spy                                    : #1775325551230 | took 0ms | statement | connection 12| url jdbc:h2:mem:phase2db
insert into order_items (order_id,price,product,quantity,id) values (?,?,?,?,?)
insert into order_items (order_id,price,product,quantity,id) values ('ed7770a9-1f18-481b-9790-29e1a6658271',9.99,'Item-A-0',1,'0cbc9126-ac47-4aff-a332-1cef49d3478e');
2026-04-04T23:29:11.231+05:30 DEBUG 99102 --- [phase2-data] [           main] org.hibernate.SQL                        : insert into order_items (order_id,price,product,quantity,id) values (?,?,?,?,?)
Hibernate: insert into order_items (order_id,price,product,quantity,id) values (?,?,?,?,?)
2026-04-04T23:29:11.231+05:30  INFO 99102 --- [phase2-data] [           main] p6spy                                    : #1775325551231 | took 0ms | statement | connection 12| url jdbc:h2:mem:phase2db
insert into order_items (order_id,price,product,quantity,id) values (?,?,?,?,?)
insert into order_items (order_id,price,product,quantity,id) values ('ed7770a9-1f18-481b-9790-29e1a6658271',9.99,'Item-B-0',1,'98d52334-b714-4b50-a12b-ca58945666c4');
2026-04-04T23:29:11.232+05:30 DEBUG 99102 --- [phase2-data] [           main] org.hibernate.SQL                        : insert into order_items (order_id,price,product,quantity,id) values (?,?,?,?,?)
Hibernate: insert into order_items (order_id,price,product,quantity,id) values (?,?,?,?,?)
2026-04-04T23:29:11.232+05:30  INFO 99102 --- [phase2-data] [           main] p6spy                                    : #1775325551232 | took 0ms | statement | connection 12| url jdbc:h2:mem:phase2db
insert into order_items (order_id,price,product,quantity,id) values (?,?,?,?,?)
insert into order_items (order_id,price,product,quantity,id) values ('ed7770a9-1f18-481b-9790-29e1a6658271',9.99,'Item-C-0',1,'0455d553-720a-4a0d-ae5d-695013cbed68');
2026-04-04T23:29:11.233+05:30  INFO 99102 --- [phase2-data] [           main] p6spy                                    : #1775325551233 | took 0ms | commit | connection 12| url jdbc:h2:mem:phase2db

;
2026-04-04T23:29:11.233+05:30  INFO 99102 --- [phase2-data] [           main] i.StatisticalLoggingSessionEventListener : Session Metrics {
    145501 nanoseconds spent acquiring 1 JDBC connections;
    0 nanoseconds spent releasing 0 JDBC connections;
    163328 nanoseconds spent preparing 4 JDBC statements;
    2177296 nanoseconds spent executing 4 JDBC statements;
    0 nanoseconds spent executing 0 JDBC batches;
    0 nanoseconds spent performing 0 L2C puts;
    0 nanoseconds spent performing 0 L2C hits;
    0 nanoseconds spent performing 0 L2C misses;
    4905628 nanoseconds spent executing 1 flushes (flushing a total of 4 entities and 1 collections);
    0 nanoseconds spent executing 0 pre-partial-flushes;
    0 nanoseconds spent executing 0 partial-flushes (flushing a total of 0 entities and 0 collections)
}
2026-04-04T23:29:11.236+05:30 DEBUG 99102 --- [phase2-data] [           main] org.hibernate.SQL                        : insert into orders (status,total,user_id,version,id) values (?,?,?,?,?)
Hibernate: insert into orders (status,total,user_id,version,id) values (?,?,?,?,?)
2026-04-04T23:29:11.236+05:30  INFO 99102 --- [phase2-data] [           main] p6spy                                    : #1775325551236 | took 0ms | statement | connection 13| url jdbc:h2:mem:phase2db
insert into orders (status,total,user_id,version,id) values (?,?,?,?,?)
insert into orders (status,total,user_id,version,id) values ('PENDING',10,'user-1',0,'bc2c79c3-39ad-44fd-8f6c-425ede676747');
2026-04-04T23:29:11.237+05:30 DEBUG 99102 --- [phase2-data] [           main] org.hibernate.SQL                        : insert into order_items (order_id,price,product,quantity,id) values (?,?,?,?,?)
Hibernate: insert into order_items (order_id,price,product,quantity,id) values (?,?,?,?,?)
2026-04-04T23:29:11.238+05:30  INFO 99102 --- [phase2-data] [           main] p6spy                                    : #1775325551238 | took 0ms | statement | connection 13| url jdbc:h2:mem:phase2db
insert into order_items (order_id,price,product,quantity,id) values (?,?,?,?,?)
insert into order_items (order_id,price,product,quantity,id) values ('bc2c79c3-39ad-44fd-8f6c-425ede676747',9.99,'Item-A-1',1,'ccc5b751-efb7-418c-a837-5409491f650b');
2026-04-04T23:29:11.238+05:30 DEBUG 99102 --- [phase2-data] [           main] org.hibernate.SQL                        : insert into order_items (order_id,price,product,quantity,id) values (?,?,?,?,?)
Hibernate: insert into order_items (order_id,price,product,quantity,id) values (?,?,?,?,?)
2026-04-04T23:29:11.239+05:30  INFO 99102 --- [phase2-data] [           main] p6spy                                    : #1775325551239 | took 0ms | statement | connection 13| url jdbc:h2:mem:phase2db
insert into order_items (order_id,price,product,quantity,id) values (?,?,?,?,?)
insert into order_items (order_id,price,product,quantity,id) values ('bc2c79c3-39ad-44fd-8f6c-425ede676747',9.99,'Item-B-1',1,'fef79624-fdcd-45b6-9817-43de72c44576');
2026-04-04T23:29:11.240+05:30 DEBUG 99102 --- [phase2-data] [           main] org.hibernate.SQL                        : insert into order_items (order_id,price,product,quantity,id) values (?,?,?,?,?)
Hibernate: insert into order_items (order_id,price,product,quantity,id) values (?,?,?,?,?)
2026-04-04T23:29:11.241+05:30  INFO 99102 --- [phase2-data] [           main] p6spy                                    : #1775325551241 | took 0ms | statement | connection 13| url jdbc:h2:mem:phase2db
insert into order_items (order_id,price,product,quantity,id) values (?,?,?,?,?)
insert into order_items (order_id,price,product,quantity,id) values ('bc2c79c3-39ad-44fd-8f6c-425ede676747',9.99,'Item-C-1',1,'99c02e2e-bbd3-403c-b2a9-60f39752af8f');
2026-04-04T23:29:11.241+05:30  INFO 99102 --- [phase2-data] [           main] p6spy                                    : #1775325551241 | took 0ms | commit | connection 13| url jdbc:h2:mem:phase2db

;
2026-04-04T23:29:11.242+05:30  INFO 99102 --- [phase2-data] [           main] i.StatisticalLoggingSessionEventListener : Session Metrics {
    130070 nanoseconds spent acquiring 1 JDBC connections;
    0 nanoseconds spent releasing 0 JDBC connections;
    204017 nanoseconds spent preparing 4 JDBC statements;
    2927014 nanoseconds spent executing 4 JDBC statements;
    0 nanoseconds spent executing 0 JDBC batches;
    0 nanoseconds spent performing 0 L2C puts;
    0 nanoseconds spent performing 0 L2C hits;
    0 nanoseconds spent performing 0 L2C misses;
    6048811 nanoseconds spent executing 1 flushes (flushing a total of 4 entities and 1 collections);
    0 nanoseconds spent executing 0 pre-partial-flushes;
    0 nanoseconds spent executing 0 partial-flushes (flushing a total of 0 entities and 0 collections)
}
2026-04-04T23:29:11.245+05:30 DEBUG 99102 --- [phase2-data] [           main] org.hibernate.SQL                        : insert into orders (status,total,user_id,version,id) values (?,?,?,?,?)
Hibernate: insert into orders (status,total,user_id,version,id) values (?,?,?,?,?)
2026-04-04T23:29:11.246+05:30  INFO 99102 --- [phase2-data] [           main] p6spy                                    : #1775325551246 | took 0ms | statement | connection 14| url jdbc:h2:mem:phase2db
insert into orders (status,total,user_id,version,id) values (?,?,?,?,?)
insert into orders (status,total,user_id,version,id) values ('PENDING',10,'user-2',0,'a5fec955-8652-44d5-bd56-90afbfd2f8bd');
2026-04-04T23:29:11.247+05:30 DEBUG 99102 --- [phase2-data] [           main] org.hibernate.SQL                        : insert into order_items (order_id,price,product,quantity,id) values (?,?,?,?,?)
Hibernate: insert into order_items (order_id,price,product,quantity,id) values (?,?,?,?,?)
2026-04-04T23:29:11.248+05:30  INFO 99102 --- [phase2-data] [           main] p6spy                                    : #1775325551248 | took 0ms | statement | connection 14| url jdbc:h2:mem:phase2db
insert into order_items (order_id,price,product,quantity,id) values (?,?,?,?,?)
insert into order_items (order_id,price,product,quantity,id) values ('a5fec955-8652-44d5-bd56-90afbfd2f8bd',9.99,'Item-A-2',1,'3a863b16-2f0b-4148-8ff1-cfa71fdc4185');
2026-04-04T23:29:11.248+05:30 DEBUG 99102 --- [phase2-data] [           main] org.hibernate.SQL                        : insert into order_items (order_id,price,product,quantity,id) values (?,?,?,?,?)
Hibernate: insert into order_items (order_id,price,product,quantity,id) values (?,?,?,?,?)
2026-04-04T23:29:11.249+05:30  INFO 99102 --- [phase2-data] [           main] p6spy                                    : #1775325551249 | took 0ms | statement | connection 14| url jdbc:h2:mem:phase2db
insert into order_items (order_id,price,product,quantity,id) values (?,?,?,?,?)
insert into order_items (order_id,price,product,quantity,id) values ('a5fec955-8652-44d5-bd56-90afbfd2f8bd',9.99,'Item-B-2',1,'87c21c5f-f41e-474f-86c8-9ee2a3d4c574');
2026-04-04T23:29:11.250+05:30 DEBUG 99102 --- [phase2-data] [           main] org.hibernate.SQL                        : insert into order_items (order_id,price,product,quantity,id) values (?,?,?,?,?)
Hibernate: insert into order_items (order_id,price,product,quantity,id) values (?,?,?,?,?)
2026-04-04T23:29:11.251+05:30  INFO 99102 --- [phase2-data] [           main] p6spy                                    : #1775325551251 | took 0ms | statement | connection 14| url jdbc:h2:mem:phase2db
insert into order_items (order_id,price,product,quantity,id) values (?,?,?,?,?)
insert into order_items (order_id,price,product,quantity,id) values ('a5fec955-8652-44d5-bd56-90afbfd2f8bd',9.99,'Item-C-2',1,'387eb6a2-25b3-4c18-beca-bbac575daeb1');
2026-04-04T23:29:11.251+05:30  INFO 99102 --- [phase2-data] [           main] p6spy                                    : #1775325551251 | took 0ms | commit | connection 14| url jdbc:h2:mem:phase2db

;
2026-04-04T23:29:11.252+05:30  INFO 99102 --- [phase2-data] [           main] i.StatisticalLoggingSessionEventListener : Session Metrics {
    213238 nanoseconds spent acquiring 1 JDBC connections;
    0 nanoseconds spent releasing 0 JDBC connections;
    243571 nanoseconds spent preparing 4 JDBC statements;
    3193892 nanoseconds spent executing 4 JDBC statements;
    0 nanoseconds spent executing 0 JDBC batches;
    0 nanoseconds spent performing 0 L2C puts;
    0 nanoseconds spent performing 0 L2C hits;
    0 nanoseconds spent performing 0 L2C misses;
    6809734 nanoseconds spent executing 1 flushes (flushing a total of 4 entities and 1 collections);
    0 nanoseconds spent executing 0 pre-partial-flushes;
    0 nanoseconds spent executing 0 partial-flushes (flushing a total of 0 entities and 0 collections)
}
2026-04-04T23:29:11.255+05:30 DEBUG 99102 --- [phase2-data] [           main] org.hibernate.SQL                        : insert into orders (status,total,user_id,version,id) values (?,?,?,?,?)
Hibernate: insert into orders (status,total,user_id,version,id) values (?,?,?,?,?)
2026-04-04T23:29:11.257+05:30  INFO 99102 --- [phase2-data] [           main] p6spy                                    : #1775325551257 | took 0ms | statement | connection 15| url jdbc:h2:mem:phase2db
insert into orders (status,total,user_id,version,id) values (?,?,?,?,?)
insert into orders (status,total,user_id,version,id) values ('PENDING',10,'user-3',0,'52a0ba69-830e-4724-9b81-881d3af1a738');
2026-04-04T23:29:11.257+05:30 DEBUG 99102 --- [phase2-data] [           main] org.hibernate.SQL                        : insert into order_items (order_id,price,product,quantity,id) values (?,?,?,?,?)
Hibernate: insert into order_items (order_id,price,product,quantity,id) values (?,?,?,?,?)
2026-04-04T23:29:11.258+05:30  INFO 99102 --- [phase2-data] [           main] p6spy                                    : #1775325551258 | took 0ms | statement | connection 15| url jdbc:h2:mem:phase2db
insert into order_items (order_id,price,product,quantity,id) values (?,?,?,?,?)
insert into order_items (order_id,price,product,quantity,id) values ('52a0ba69-830e-4724-9b81-881d3af1a738',9.99,'Item-A-3',1,'499b2d2d-70dc-4f72-99e7-28e8d4cae583');
2026-04-04T23:29:11.259+05:30 DEBUG 99102 --- [phase2-data] [           main] org.hibernate.SQL                        : insert into order_items (order_id,price,product,quantity,id) values (?,?,?,?,?)
Hibernate: insert into order_items (order_id,price,product,quantity,id) values (?,?,?,?,?)
2026-04-04T23:29:11.260+05:30  INFO 99102 --- [phase2-data] [           main] p6spy                                    : #1775325551260 | took 0ms | statement | connection 15| url jdbc:h2:mem:phase2db
insert into order_items (order_id,price,product,quantity,id) values (?,?,?,?,?)
insert into order_items (order_id,price,product,quantity,id) values ('52a0ba69-830e-4724-9b81-881d3af1a738',9.99,'Item-B-3',1,'64e3c84f-f0b0-4ad6-9496-201322326cdd');
2026-04-04T23:29:11.262+05:30 DEBUG 99102 --- [phase2-data] [           main] org.hibernate.SQL                        : insert into order_items (order_id,price,product,quantity,id) values (?,?,?,?,?)
Hibernate: insert into order_items (order_id,price,product,quantity,id) values (?,?,?,?,?)
2026-04-04T23:29:11.264+05:30  INFO 99102 --- [phase2-data] [           main] p6spy                                    : #1775325551264 | took 0ms | statement | connection 15| url jdbc:h2:mem:phase2db
insert into order_items (order_id,price,product,quantity,id) values (?,?,?,?,?)
insert into order_items (order_id,price,product,quantity,id) values ('52a0ba69-830e-4724-9b81-881d3af1a738',9.99,'Item-C-3',1,'40fbcd2d-695d-4f00-b3b9-61dfc97ace0d');
2026-04-04T23:29:11.265+05:30  INFO 99102 --- [phase2-data] [           main] p6spy                                    : #1775325551265 | took 0ms | commit | connection 15| url jdbc:h2:mem:phase2db

;
2026-04-04T23:29:11.266+05:30  INFO 99102 --- [phase2-data] [           main] i.StatisticalLoggingSessionEventListener : Session Metrics {
    206907 nanoseconds spent acquiring 1 JDBC connections;
    0 nanoseconds spent releasing 0 JDBC connections;
    308561 nanoseconds spent preparing 4 JDBC statements;
    4562307 nanoseconds spent executing 4 JDBC statements;
    0 nanoseconds spent executing 0 JDBC batches;
    0 nanoseconds spent performing 0 L2C puts;
    0 nanoseconds spent performing 0 L2C hits;
    0 nanoseconds spent performing 0 L2C misses;
    9774106 nanoseconds spent executing 1 flushes (flushing a total of 4 entities and 1 collections);
    0 nanoseconds spent executing 0 pre-partial-flushes;
    0 nanoseconds spent executing 0 partial-flushes (flushing a total of 0 entities and 0 collections)
}
2026-04-04T23:29:11.269+05:30 DEBUG 99102 --- [phase2-data] [           main] org.hibernate.SQL                        : insert into orders (status,total,user_id,version,id) values (?,?,?,?,?)
Hibernate: insert into orders (status,total,user_id,version,id) values (?,?,?,?,?)
2026-04-04T23:29:11.270+05:30  INFO 99102 --- [phase2-data] [           main] p6spy                                    : #1775325551270 | took 0ms | statement | connection 16| url jdbc:h2:mem:phase2db
insert into orders (status,total,user_id,version,id) values (?,?,?,?,?)
insert into orders (status,total,user_id,version,id) values ('PENDING',10,'user-4',0,'14a7938e-31e6-4415-adbf-3859fc3d6bbb');
2026-04-04T23:29:11.270+05:30 DEBUG 99102 --- [phase2-data] [           main] org.hibernate.SQL                        : insert into order_items (order_id,price,product,quantity,id) values (?,?,?,?,?)
Hibernate: insert into order_items (order_id,price,product,quantity,id) values (?,?,?,?,?)
2026-04-04T23:29:11.271+05:30  INFO 99102 --- [phase2-data] [           main] p6spy                                    : #1775325551271 | took 0ms | statement | connection 16| url jdbc:h2:mem:phase2db
insert into order_items (order_id,price,product,quantity,id) values (?,?,?,?,?)
insert into order_items (order_id,price,product,quantity,id) values ('14a7938e-31e6-4415-adbf-3859fc3d6bbb',9.99,'Item-A-4',1,'5942af76-0daa-4961-8dd8-175d9f25e43d');
2026-04-04T23:29:11.271+05:30 DEBUG 99102 --- [phase2-data] [           main] org.hibernate.SQL                        : insert into order_items (order_id,price,product,quantity,id) values (?,?,?,?,?)
Hibernate: insert into order_items (order_id,price,product,quantity,id) values (?,?,?,?,?)
2026-04-04T23:29:11.272+05:30  INFO 99102 --- [phase2-data] [           main] p6spy                                    : #1775325551272 | took 0ms | statement | connection 16| url jdbc:h2:mem:phase2db
insert into order_items (order_id,price,product,quantity,id) values (?,?,?,?,?)
insert into order_items (order_id,price,product,quantity,id) values ('14a7938e-31e6-4415-adbf-3859fc3d6bbb',9.99,'Item-B-4',1,'be28fa4f-f10c-47c8-bc0a-192226230bc4');
2026-04-04T23:29:11.272+05:30 DEBUG 99102 --- [phase2-data] [           main] org.hibernate.SQL                        : insert into order_items (order_id,price,product,quantity,id) values (?,?,?,?,?)
Hibernate: insert into order_items (order_id,price,product,quantity,id) values (?,?,?,?,?)
2026-04-04T23:29:11.273+05:30  INFO 99102 --- [phase2-data] [           main] p6spy                                    : #1775325551273 | took 0ms | statement | connection 16| url jdbc:h2:mem:phase2db
insert into order_items (order_id,price,product,quantity,id) values (?,?,?,?,?)
insert into order_items (order_id,price,product,quantity,id) values ('14a7938e-31e6-4415-adbf-3859fc3d6bbb',9.99,'Item-C-4',1,'970db011-9e4d-4392-b178-5320d67a1254');
2026-04-04T23:29:11.274+05:30  INFO 99102 --- [phase2-data] [           main] p6spy                                    : #1775325551274 | took 0ms | commit | connection 16| url jdbc:h2:mem:phase2db

;
2026-04-04T23:29:11.274+05:30  INFO 99102 --- [phase2-data] [           main] i.StatisticalLoggingSessionEventListener : Session Metrics {
    143330 nanoseconds spent acquiring 1 JDBC connections;
    0 nanoseconds spent releasing 0 JDBC connections;
    177554 nanoseconds spent preparing 4 JDBC statements;
    2365390 nanoseconds spent executing 4 JDBC statements;
    0 nanoseconds spent executing 0 JDBC batches;
    0 nanoseconds spent performing 0 L2C puts;
    0 nanoseconds spent performing 0 L2C hits;
    0 nanoseconds spent performing 0 L2C misses;
    5280708 nanoseconds spent executing 1 flushes (flushing a total of 4 entities and 1 collections);
    0 nanoseconds spent executing 0 pre-partial-flushes;
    0 nanoseconds spent executing 0 partial-flushes (flushing a total of 0 entities and 0 collections)
}
2026-04-04T23:29:11.276+05:30 DEBUG 99102 --- [phase2-data] [           main] org.hibernate.SQL                        : select o1_0.id,o1_0.status,o1_0.total,o1_0.user_id,o1_0.version from orders o1_0
Hibernate: select o1_0.id,o1_0.status,o1_0.total,o1_0.user_id,o1_0.version from orders o1_0
2026-04-04T23:29:11.277+05:30  INFO 99102 --- [phase2-data] [           main] p6spy                                    : #1775325551277 | took 0ms | statement | connection 17| url jdbc:h2:mem:phase2db
select o1_0.id,o1_0.status,o1_0.total,o1_0.user_id,o1_0.version from orders o1_0
select o1_0.id,o1_0.status,o1_0.total,o1_0.user_id,o1_0.version from orders o1_0;
2026-04-04T23:29:11.279+05:30 DEBUG 99102 --- [phase2-data] [           main] o.h.stat.internal.StatisticsImpl         : HHH000117: HQL: [CRITERIA] select o1_0.id,o1_0.status,o1_0.total,o1_0.user_id,o1_0.version from orders o1_0, time: 1ms, rows: 5
2026-04-04T23:29:11.279+05:30  WARN 99102 --- [phase2-data] [           main] Day31NPlusOneProblem$OrderSummaryService : [Day31] Loaded 5 orders. Now triggering N+1...
2026-04-04T23:29:11.281+05:30 DEBUG 99102 --- [phase2-data] [           main] org.hibernate.SQL                        : select i1_0.order_id,i1_0.id,i1_0.price,i1_0.product,i1_0.quantity from order_items i1_0 where i1_0.order_id in (?,?,?,?,?,?,?,?,?,?)
Hibernate: select i1_0.order_id,i1_0.id,i1_0.price,i1_0.product,i1_0.quantity from order_items i1_0 where i1_0.order_id in (?,?,?,?,?,?,?,?,?,?)
2026-04-04T23:29:11.282+05:30  INFO 99102 --- [phase2-data] [           main] p6spy                                    : #1775325551282 | took 0ms | statement | connection 17| url jdbc:h2:mem:phase2db
select i1_0.order_id,i1_0.id,i1_0.price,i1_0.product,i1_0.quantity from order_items i1_0 where i1_0.order_id in (?,?,?,?,?,?,?,?,?,?)
select i1_0.order_id,i1_0.id,i1_0.price,i1_0.product,i1_0.quantity from order_items i1_0 where i1_0.order_id in ('ed7770a9-1f18-481b-9790-29e1a6658271','bc2c79c3-39ad-44fd-8f6c-425ede676747','a5fec955-8652-44d5-bd56-90afbfd2f8bd','52a0ba69-830e-4724-9b81-881d3af1a738','14a7938e-31e6-4415-adbf-3859fc3d6bbb',NULL,NULL,NULL,NULL,NULL);
2026-04-04T23:29:11.285+05:30  WARN 99102 --- [phase2-data] [           main] Day31NPlusOneProblem$OrderSummaryService : [Day31] N+1 triggered for order ed7770a9-1f18-481b-9790-29e1a6658271: 3 items
2026-04-04T23:29:11.286+05:30  WARN 99102 --- [phase2-data] [           main] Day31NPlusOneProblem$OrderSummaryService : [Day31] N+1 triggered for order bc2c79c3-39ad-44fd-8f6c-425ede676747: 3 items
2026-04-04T23:29:11.286+05:30  WARN 99102 --- [phase2-data] [           main] Day31NPlusOneProblem$OrderSummaryService : [Day31] N+1 triggered for order a5fec955-8652-44d5-bd56-90afbfd2f8bd: 3 items
2026-04-04T23:29:11.286+05:30  WARN 99102 --- [phase2-data] [           main] Day31NPlusOneProblem$OrderSummaryService : [Day31] N+1 triggered for order 52a0ba69-830e-4724-9b81-881d3af1a738: 3 items
2026-04-04T23:29:11.286+05:30  WARN 99102 --- [phase2-data] [           main] Day31NPlusOneProblem$OrderSummaryService : [Day31] N+1 triggered for order 14a7938e-31e6-4415-adbf-3859fc3d6bbb: 3 items
2026-04-04T23:29:11.289+05:30  INFO 99102 --- [phase2-data] [           main] p6spy                                    : #1775325551289 | took 0ms | commit | connection 17| url jdbc:h2:mem:phase2db

;
2026-04-04T23:29:11.290+05:30  INFO 99102 --- [phase2-data] [           main] i.StatisticalLoggingSessionEventListener : Session Metrics {
    164223 nanoseconds spent acquiring 1 JDBC connections;
    0 nanoseconds spent releasing 0 JDBC connections;
    134076 nanoseconds spent preparing 2 JDBC statements;
    1311905 nanoseconds spent executing 2 JDBC statements;
    0 nanoseconds spent executing 0 JDBC batches;
    0 nanoseconds spent performing 0 L2C puts;
    0 nanoseconds spent performing 0 L2C hits;
    0 nanoseconds spent performing 0 L2C misses;
    2987992 nanoseconds spent executing 1 flushes (flushing a total of 20 entities and 5 collections);
    6012 nanoseconds spent executing 1 pre-partial-flushes;
    7311 nanoseconds spent executing 1 partial-flushes (flushing a total of 0 entities and 0 collections)
}
[Day31] N+1 reproduced: 1 SELECT for orders + 5 SELECTs for items = 6 total queries
]]></system-out>
  </testcase>
</testsuite>